1535729291418	geckodriver	INFO	geckodriver 0.21.0
1535729291529	geckodriver	INFO	Listening on 127.0.0.1:65015
1535729292070	mozrunner::runner	INFO	Running command: "C:\\Users\\S82483\\AppData\\Local\\Mozilla Firefox\\firefox.exe" "-marionette" "--headless" "-foreground" "-no-remote" "-profile" "C:\\Users\\S82483\\AppData\\Local\\Temp\\rust_mozprofile.HeeQ0c4zErdw"
*** You are running in headless mode.
1535729294346	addons.manager	DEBUG	Application has been upgraded
1535729294383	addons.manager	DEBUG	Loaded provider scope for resource://gre/modules/addons/XPIProvider.jsm: ["XPIProvider", "XPIInternal"]
1535729294387	addons.manager	DEBUG	Loaded provider scope for resource://gre/modules/LightweightThemeManager.jsm: ["LightweightThemeManager"]
1535729294439	addons.manager	DEBUG	Loaded provider scope for resource://gre/modules/addons/GMPProvider.jsm
1535729294442	addons.manager	DEBUG	Loaded provider scope for resource://gre/modules/addons/PluginProvider.jsm
1535729294442	addons.manager	DEBUG	Starting provider: XPIProvider
1535729294443	addons.xpi	DEBUG	startup
1535729294443	addons.xpi	INFO	SystemAddonInstallLocation directory is missing
1535729294456	addons.xpi	INFO	Removing all system add-on upgrades.
1535729294457	addons.xpi	DEBUG	checkForChanges
1535729294458	addons.xpi	DEBUG	Loaded add-on state: ${}
1535729294465	addons.xpi	DEBUG	New add-on activity-stream@mozilla.org in app-system-defaults
1535729294467	addons.xpi	DEBUG	New add-on aushelper@mozilla.org in app-system-defaults
1535729294467	addons.xpi	DEBUG	New add-on firefox@getpocket.com in app-system-defaults
1535729294468	addons.xpi	DEBUG	New add-on formautofill@mozilla.org in app-system-defaults
1535729294469	addons.xpi	DEBUG	New add-on onboarding@mozilla.org in app-system-defaults
1535729294470	addons.xpi	DEBUG	New add-on screenshots@mozilla.org in app-system-defaults
1535729294470	addons.xpi	DEBUG	New add-on webcompat-reporter@mozilla.org in app-system-defaults
1535729294471	addons.xpi	DEBUG	New add-on webcompat@mozilla.org in app-system-defaults
1535729294472	addons.xpi	DEBUG	getInstallState changed: true, state: {}
1535729294483	addons.xpi-utils	DEBUG	Opening XPI database C:\Users\S82483\AppData\Local\Temp\rust_mozprofile.HeeQ0c4zErdw\extensions.json
1535729294484	addons.xpi-utils	DEBUG	New add-on activity-stream@mozilla.org installed in app-system-defaults
*** Blocklist::_preloadBlocklistFile: blocklist is disabled
1535729294584	addons.xpi-utils	DEBUG	New add-on aushelper@mozilla.org installed in app-system-defaults
1535729294604	addons.xpi-utils	DEBUG	New add-on firefox@getpocket.com installed in app-system-defaults
1535729294631	addons.xpi-utils	DEBUG	New add-on formautofill@mozilla.org installed in app-system-defaults
1535729294650	addons.xpi-utils	DEBUG	New add-on onboarding@mozilla.org installed in app-system-defaults
1535729294665	addons.xpi-utils	DEBUG	New add-on screenshots@mozilla.org installed in app-system-defaults
1535729294682	addons.xpi-utils	DEBUG	New add-on webcompat-reporter@mozilla.org installed in app-system-defaults
1535729294703	addons.xpi-utils	DEBUG	New add-on webcompat@mozilla.org installed in app-system-defaults
1535729294717	addons.xpi-utils	DEBUG	XPI Database saved, setting schema version preference to 26
1535729294973	addons.manager	DEBUG	Registering startup change 'installed' for activity-stream@mozilla.org
1535729294979	addons.xpi	DEBUG	Loading bootstrap scope from C:\Users\S82483\AppData\Local\Mozilla Firefox\browser\features\activity-stream@mozilla.org.xpi
1535729294982	addons.xpi	DEBUG	Calling bootstrap method install on activity-stream@mozilla.org version 2018.06.29.1026-fa231556
1535729294982	addons.xpi-utils	DEBUG	Make addon app-system-defaults:activity-stream@mozilla.org visible
1535729294982	addons.xpi	DEBUG	Updating XPIState for {"id":"activity-stream@mozilla.org","syncGUID":"{a08a4864-aece-4a29-8bc3-d67f4edc211d}","location":"app-system-defaults","version":"2018.06.29.1026-fa231556","type":"extension","updateURL":null,"optionsURL":null,"optionsType":null,"aboutURL":null,"defaultLocale":{"name":"Activity Stream","description":"A rich visual history feed and a reimagined home page make it easier than ever to find exactly what you're looking for in Firefox.","creator":null,"homepageURL":null},"visible":true,"active":false,"userDisabled":false,"appDisabled":false,"installDate":1533667988138,"updateDate":1533667988138,"applyBackgroundUpdates":1,"bootstrap":true,"path":"C:\\Users\\S82483\\AppData\\Local\\Mozilla Firefox\\browser\\features\\activity-stream@mozilla.org.xpi","skinnable":false,"size":2732420,"sourceURI":null,"releaseNotesURI":null,"softDisabled":false,"foreignInstall":false,"strictCompatibility":false,"locales":[],"targetApplications":[{"id":"{ec8030f7-c20a-464f-9b0e-13a3a9e97384}","minVersion":"61.0.2","maxVersion":"61.*"}],"targetPlatforms":[],"seen":true,"dependencies":[],"hasEmbeddedWebExtension":false,"userPermissions":null,"icons":{},"iconURL":null,"icon64URL":null,"blocklistState":0,"blocklistURL":null,"startupData":null}
1535729294983	addons.manager	DEBUG	Registering startup change 'installed' for aushelper@mozilla.org
1535729294983	addons.xpi	DEBUG	Loading bootstrap scope from C:\Users\S82483\AppData\Local\Mozilla Firefox\browser\features\aushelper@mozilla.org.xpi
1535729294985	addons.xpi	DEBUG	Calling bootstrap method install on aushelper@mozilla.org version 2.0
1535729294986	addons.xpi-utils	DEBUG	Make addon app-system-defaults:aushelper@mozilla.org visible
1535729294986	addons.xpi	DEBUG	Updating XPIState for {"id":"aushelper@mozilla.org","syncGUID":"{f7097a7c-27df-48e6-8b62-75707217c4ad}","location":"app-system-defaults","version":"2.0","type":"extension","updateURL":null,"optionsURL":null,"optionsType":null,"aboutURL":null,"defaultLocale":{"name":"Application Update Service Helper","description":"Sets value(s) in the update url based on custom checks.","creator":null,"homepageURL":null},"visible":true,"active":false,"userDisabled":false,"appDisabled":false,"installDate":1533667988138,"updateDate":1533667988138,"applyBackgroundUpdates":1,"bootstrap":true,"path":"C:\\Users\\S82483\\AppData\\Local\\Mozilla Firefox\\browser\\features\\aushelper@mozilla.org.xpi","skinnable":false,"size":8425,"sourceURI":null,"releaseNotesURI":null,"softDisabled":false,"foreignInstall":false,"strictCompatibility":false,"locales":[],"targetApplications":[{"id":"{ec8030f7-c20a-464f-9b0e-13a3a9e97384}","minVersion":"61.0.2","maxVersion":"61.*"}],"targetPlatforms":[],"seen":true,"dependencies":[],"hasEmbeddedWebExtension":false,"userPermissions":null,"icons":{},"iconURL":null,"icon64URL":null,"blocklistState":0,"blocklistURL":null,"startupData":null}
1535729294986	addons.manager	DEBUG	Registering startup change 'installed' for firefox@getpocket.com
1535729294987	addons.xpi	DEBUG	Loading bootstrap scope from C:\Users\S82483\AppData\Local\Mozilla Firefox\browser\features\firefox@getpocket.com.xpi
1535729294992	addons.xpi	DEBUG	Calling bootstrap method install on firefox@getpocket.com version 1.0.5
1535729294992	addons.xpi-utils	DEBUG	Make addon app-system-defaults:firefox@getpocket.com visible
1535729294992	addons.xpi	DEBUG	Updating XPIState for {"id":"firefox@getpocket.com","syncGUID":"{0aec1542-84aa-4d22-81af-c4ee7c217384}","location":"app-system-defaults","version":"1.0.5","type":"extension","updateURL":null,"optionsURL":null,"optionsType":null,"aboutURL":null,"defaultLocale":{"name":"Pocket","description":"When you find something you want to view later, put it in Pocket.","creator":null,"homepageURL":null},"visible":true,"active":false,"userDisabled":false,"appDisabled":false,"installDate":1533667988143,"updateDate":1533667988143,"applyBackgroundUpdates":1,"bootstrap":true,"path":"C:\\Users\\S82483\\AppData\\Local\\Mozilla Firefox\\browser\\features\\firefox@getpocket.com.xpi","skinnable":false,"size":855820,"sourceURI":null,"releaseNotesURI":null,"softDisabled":false,"foreignInstall":false,"strictCompatibility":false,"locales":[],"targetApplications":[{"id":"{ec8030f7-c20a-464f-9b0e-13a3a9e97384}","minVersion":"61.0.2","maxVersion":"61.*"}],"targetPlatforms":[],"seen":true,"dependencies":[],"hasEmbeddedWebExtension":false,"userPermissions":null,"icons":{},"iconURL":null,"icon64URL":null,"blocklistState":0,"blocklistURL":null,"startupData":null}
1535729294994	addons.manager	DEBUG	Registering startup change 'installed' for formautofill@mozilla.org
1535729294994	addons.xpi	DEBUG	Loading bootstrap scope from C:\Users\S82483\AppData\Local\Mozilla Firefox\browser\features\formautofill@mozilla.org.xpi
1535729294996	addons.xpi	DEBUG	Calling bootstrap method install on formautofill@mozilla.org version 1.0
1535729294996	addons.xpi-utils	DEBUG	Make addon app-system-defaults:formautofill@mozilla.org visible
1535729294997	addons.xpi	DEBUG	Updating XPIState for {"id":"formautofill@mozilla.org","syncGUID":"{28e70aaf-a4c4-42d3-a6b9-4711d0c6c01d}","location":"app-system-defaults","version":"1.0","type":"extension","updateURL":null,"optionsURL":null,"optionsType":null,"aboutURL":null,"defaultLocale":{"name":"Form Autofill","description":"Autofill forms with saved profiles","creator":null,"homepageURL":null},"visible":true,"active":false,"userDisabled":false,"appDisabled":false,"installDate":1533667988146,"updateDate":1533667988146,"applyBackgroundUpdates":1,"bootstrap":true,"path":"C:\\Users\\S82483\\AppData\\Local\\Mozilla Firefox\\browser\\features\\formautofill@mozilla.org.xpi","skinnable":false,"size":465058,"sourceURI":null,"releaseNotesURI":null,"softDisabled":false,"foreignInstall":false,"strictCompatibility":false,"locales":[],"targetApplications":[{"id":"{ec8030f7-c20a-464f-9b0e-13a3a9e97384}","minVersion":"61.0.2","maxVersion":"61.*"}],"targetPlatforms":[],"seen":true,"dependencies":[],"hasEmbeddedWebExtension":false,"userPermissions":null,"icons":{},"iconURL":null,"icon64URL":null,"blocklistState":0,"blocklistURL":null,"startupData":null}
1535729294998	addons.manager	DEBUG	Registering startup change 'installed' for onboarding@mozilla.org
1535729294998	addons.xpi	DEBUG	Loading bootstrap scope from C:\Users\S82483\AppData\Local\Mozilla Firefox\browser\features\onboarding@mozilla.org.xpi
1535729295001	addons.xpi	DEBUG	Calling bootstrap method install on onboarding@mozilla.org version 1.0
1535729295001	addons.xpi-utils	DEBUG	Make addon app-system-defaults:onboarding@mozilla.org visible
1535729295001	addons.xpi	DEBUG	Updating XPIState for {"id":"onboarding@mozilla.org","syncGUID":"{6193dca3-de7a-490b-bdf9-b1b5cf699af4}","location":"app-system-defaults","version":"1.0","type":"extension","updateURL":null,"optionsURL":null,"optionsType":null,"aboutURL":null,"defaultLocale":{"name":"Photon onboarding","description":"Photon onboarding","creator":null,"homepageURL":null},"visible":true,"active":false,"userDisabled":false,"appDisabled":false,"installDate":1533667988151,"updateDate":1533667988151,"applyBackgroundUpdates":1,"bootstrap":true,"path":"C:\\Users\\S82483\\AppData\\Local\\Mozilla Firefox\\browser\\features\\onboarding@mozilla.org.xpi","skinnable":false,"size":564181,"sourceURI":null,"releaseNotesURI":null,"softDisabled":false,"foreignInstall":false,"strictCompatibility":false,"locales":[],"targetApplications":[{"id":"{ec8030f7-c20a-464f-9b0e-13a3a9e97384}","minVersion":"61.0.2","maxVersion":"61.*"}],"targetPlatforms":[],"seen":true,"dependencies":[],"hasEmbeddedWebExtension":false,"userPermissions":null,"icons":{},"iconURL":null,"icon64URL":null,"blocklistState":0,"blocklistURL":null,"startupData":null}
1535729295002	addons.manager	DEBUG	Registering startup change 'installed' for screenshots@mozilla.org
1535729295002	addons.xpi	DEBUG	Loading bootstrap scope from C:\Users\S82483\AppData\Local\Mozilla Firefox\browser\features\screenshots@mozilla.org.xpi
1535729295005	addons.xpi	DEBUG	Calling bootstrap method install on screenshots@mozilla.org version 32.1.0
1535729295005	addons.xpi-utils	DEBUG	Make addon app-system-defaults:screenshots@mozilla.org visible
1535729295005	addons.xpi	DEBUG	Updating XPIState for {"id":"screenshots@mozilla.org","syncGUID":"{4700be8f-7c3d-49ac-8d86-d6fd39b5239f}","location":"app-system-defaults","version":"32.1.0","type":"extension","updateURL":null,"optionsURL":null,"optionsType":null,"aboutURL":null,"defaultLocale":{"name":"Firefox Screenshots","description":null,"creator":null,"homepageURL":"https://screenshots.firefox.com/"},"visible":true,"active":false,"userDisabled":false,"appDisabled":false,"installDate":1533667988157,"updateDate":1533667988157,"applyBackgroundUpdates":1,"bootstrap":true,"path":"C:\\Users\\S82483\\AppData\\Local\\Mozilla Firefox\\browser\\features\\screenshots@mozilla.org.xpi","skinnable":false,"size":1002421,"sourceURI":null,"releaseNotesURI":null,"softDisabled":false,"foreignInstall":false,"strictCompatibility":false,"locales":[],"targetApplications":[{"id":"{ec8030f7-c20a-464f-9b0e-13a3a9e97384}","minVersion":"57.0a1","maxVersion":"*"}],"targetPlatforms":[],"seen":true,"dependencies":[],"hasEmbeddedWebExtension":false,"userPermissions":null,"icons":{},"iconURL":null,"icon64URL":null,"blocklistState":0,"blocklistURL":null,"startupData":null}
1535729295005	addons.manager	DEBUG	Registering startup change 'installed' for webcompat-reporter@mozilla.org
1535729295006	addons.xpi	DEBUG	Loading bootstrap scope from C:\Users\S82483\AppData\Local\Mozilla Firefox\browser\features\webcompat-reporter@mozilla.org.xpi
1535729295007	addons.xpi	DEBUG	Calling bootstrap method install on webcompat-reporter@mozilla.org version 1.0.0
1535729295008	addons.xpi-utils	DEBUG	Make addon app-system-defaults:webcompat-reporter@mozilla.org visible
1535729295008	addons.xpi	DEBUG	Updating XPIState for {"id":"webcompat-reporter@mozilla.org","syncGUID":"{a2cdd5a1-a4b4-476c-b889-8d548301e887}","location":"app-system-defaults","version":"1.0.0","type":"extension","updateURL":null,"optionsURL":null,"optionsType":null,"aboutURL":null,"defaultLocale":{"name":"WebCompat Reporter","description":"Report site compatibility issues on webcompat.com.","creator":null,"homepageURL":null},"visible":true,"active":false,"userDisabled":false,"appDisabled":false,"installDate":1533667988157,"updateDate":1533667988157,"applyBackgroundUpdates":1,"bootstrap":true,"path":"C:\\Users\\S82483\\AppData\\Local\\Mozilla Firefox\\browser\\features\\webcompat-reporter@mozilla.org.xpi","skinnable":false,"size":12711,"sourceURI":null,"releaseNotesURI":null,"softDisabled":false,"foreignInstall":false,"strictCompatibility":false,"locales":[],"targetApplications":[{"id":"{ec8030f7-c20a-464f-9b0e-13a3a9e97384}","minVersion":"61.0.2","maxVersion":"61.*"}],"targetPlatforms":[],"seen":true,"dependencies":[],"hasEmbeddedWebExtension":false,"userPermissions":null,"icons":{},"iconURL":null,"icon64URL":null,"blocklistState":0,"blocklistURL":null,"startupData":null}
1535729295008	addons.manager	DEBUG	Registering startup change 'installed' for webcompat@mozilla.org
1535729295008	addons.xpi	DEBUG	Loading bootstrap scope from C:\Users\S82483\AppData\Local\Mozilla Firefox\browser\features\webcompat@mozilla.org.xpi
1535729295010	addons.xpi	DEBUG	Calling bootstrap method install on webcompat@mozilla.org version 2.0
1535729295010	addons.xpi-utils	DEBUG	Make addon app-system-defaults:webcompat@mozilla.org visible
1535729295010	addons.xpi	DEBUG	Updating XPIState for {"id":"webcompat@mozilla.org","syncGUID":"{38af04b6-1e0a-4bc2-b27e-20685ca760fa}","location":"app-system-defaults","version":"2.0","type":"extension","updateURL":null,"optionsURL":null,"optionsType":null,"aboutURL":null,"defaultLocale":{"name":"Web Compat","description":"Urgent post-release fixes for web compatibility.","creator":null,"homepageURL":null},"visible":true,"active":false,"userDisabled":false,"appDisabled":false,"installDate":1533667988158,"updateDate":1533667988158,"applyBackgroundUpdates":1,"bootstrap":true,"path":"C:\\Users\\S82483\\AppData\\Local\\Mozilla Firefox\\browser\\features\\webcompat@mozilla.org.xpi","skinnable":false,"size":13138,"sourceURI":null,"releaseNotesURI":null,"softDisabled":false,"foreignInstall":false,"strictCompatibility":false,"locales":[],"targetApplications":[{"id":"{ec8030f7-c20a-464f-9b0e-13a3a9e97384}","minVersion":"61.0.2","maxVersion":"61.*"},{"id":"{aa3c5121-dab2-40e2-81ca-7ea25febc110}","minVersion":"61.0.2","maxVersion":"61.*"}],"targetPlatforms":[],"seen":true,"dependencies":[],"hasEmbeddedWebExtension":true,"userPermissions":null,"icons":{},"iconURL":null,"icon64URL":null,"blocklistState":0,"blocklistURL":null,"startupData":null}
1535729295011	addons.xpi	DEBUG	Updating XPIState for {"id":"activity-stream@mozilla.org","syncGUID":"{a08a4864-aece-4a29-8bc3-d67f4edc211d}","location":"app-system-defaults","version":"2018.06.29.1026-fa231556","type":"extension","updateURL":null,"optionsURL":null,"optionsType":null,"aboutURL":null,"defaultLocale":{"name":"Activity Stream","description":"A rich visual history feed and a reimagined home page make it easier than ever to find exactly what you're looking for in Firefox.","creator":null,"homepageURL":null},"visible":true,"active":true,"userDisabled":false,"appDisabled":false,"installDate":1533667988138,"updateDate":1533667988138,"applyBackgroundUpdates":1,"bootstrap":true,"path":"C:\\Users\\S82483\\AppData\\Local\\Mozilla Firefox\\browser\\features\\activity-stream@mozilla.org.xpi","skinnable":false,"size":2732420,"sourceURI":null,"releaseNotesURI":null,"softDisabled":false,"foreignInstall":false,"strictCompatibility":false,"locales":[],"targetApplications":[{"id":"{ec8030f7-c20a-464f-9b0e-13a3a9e97384}","minVersion":"61.0.2","maxVersion":"61.*"}],"targetPlatforms":[],"seen":true,"dependencies":[],"hasEmbeddedWebExtension":false,"userPermissions":null,"icons":{},"iconURL":null,"icon64URL":null,"blocklistState":0,"blocklistURL":null,"startupData":null}
1535729295011	addons.xpi	DEBUG	Updating XPIState for {"id":"aushelper@mozilla.org","syncGUID":"{f7097a7c-27df-48e6-8b62-75707217c4ad}","location":"app-system-defaults","version":"2.0","type":"extension","updateURL":null,"optionsURL":null,"optionsType":null,"aboutURL":null,"defaultLocale":{"name":"Application Update Service Helper","description":"Sets value(s) in the update url based on custom checks.","creator":null,"homepageURL":null},"visible":true,"active":true,"userDisabled":false,"appDisabled":false,"installDate":1533667988138,"updateDate":1533667988138,"applyBackgroundUpdates":1,"bootstrap":true,"path":"C:\\Users\\S82483\\AppData\\Local\\Mozilla Firefox\\browser\\features\\aushelper@mozilla.org.xpi","skinnable":false,"size":8425,"sourceURI":null,"releaseNotesURI":null,"softDisabled":false,"foreignInstall":false,"strictCompatibility":false,"locales":[],"targetApplications":[{"id":"{ec8030f7-c20a-464f-9b0e-13a3a9e97384}","minVersion":"61.0.2","maxVersion":"61.*"}],"targetPlatforms":[],"seen":true,"dependencies":[],"hasEmbeddedWebExtension":false,"userPermissions":null,"icons":{},"iconURL":null,"icon64URL":null,"blocklistState":0,"blocklistURL":null,"startupData":null}
1535729295011	addons.xpi	DEBUG	Updating XPIState for {"id":"firefox@getpocket.com","syncGUID":"{0aec1542-84aa-4d22-81af-c4ee7c217384}","location":"app-system-defaults","version":"1.0.5","type":"extension","updateURL":null,"optionsURL":null,"optionsType":null,"aboutURL":null,"defaultLocale":{"name":"Pocket","description":"When you find something you want to view later, put it in Pocket.","creator":null,"homepageURL":null},"visible":true,"active":true,"userDisabled":false,"appDisabled":false,"installDate":1533667988143,"updateDate":1533667988143,"applyBackgroundUpdates":1,"bootstrap":true,"path":"C:\\Users\\S82483\\AppData\\Local\\Mozilla Firefox\\browser\\features\\firefox@getpocket.com.xpi","skinnable":false,"size":855820,"sourceURI":null,"releaseNotesURI":null,"softDisabled":false,"foreignInstall":false,"strictCompatibility":false,"locales":[],"targetApplications":[{"id":"{ec8030f7-c20a-464f-9b0e-13a3a9e97384}","minVersion":"61.0.2","maxVersion":"61.*"}],"targetPlatforms":[],"seen":true,"dependencies":[],"hasEmbeddedWebExtension":false,"userPermissions":null,"icons":{},"iconURL":null,"icon64URL":null,"blocklistState":0,"blocklistURL":null,"startupData":null}
1535729295012	addons.xpi	DEBUG	Updating XPIState for {"id":"formautofill@mozilla.org","syncGUID":"{28e70aaf-a4c4-42d3-a6b9-4711d0c6c01d}","location":"app-system-defaults","version":"1.0","type":"extension","updateURL":null,"optionsURL":null,"optionsType":null,"aboutURL":null,"defaultLocale":{"name":"Form Autofill","description":"Autofill forms with saved profiles","creator":null,"homepageURL":null},"visible":true,"active":true,"userDisabled":false,"appDisabled":false,"installDate":1533667988146,"updateDate":1533667988146,"applyBackgroundUpdates":1,"bootstrap":true,"path":"C:\\Users\\S82483\\AppData\\Local\\Mozilla Firefox\\browser\\features\\formautofill@mozilla.org.xpi","skinnable":false,"size":465058,"sourceURI":null,"releaseNotesURI":null,"softDisabled":false,"foreignInstall":false,"strictCompatibility":false,"locales":[],"targetApplications":[{"id":"{ec8030f7-c20a-464f-9b0e-13a3a9e97384}","minVersion":"61.0.2","maxVersion":"61.*"}],"targetPlatforms":[],"seen":true,"dependencies":[],"hasEmbeddedWebExtension":false,"userPermissions":null,"icons":{},"iconURL":null,"icon64URL":null,"blocklistState":0,"blocklistURL":null,"startupData":null}
1535729295012	addons.xpi	DEBUG	Updating XPIState for {"id":"onboarding@mozilla.org","syncGUID":"{6193dca3-de7a-490b-bdf9-b1b5cf699af4}","location":"app-system-defaults","version":"1.0","type":"extension","updateURL":null,"optionsURL":null,"optionsType":null,"aboutURL":null,"defaultLocale":{"name":"Photon onboarding","description":"Photon onboarding","creator":null,"homepageURL":null},"visible":true,"active":true,"userDisabled":false,"appDisabled":false,"installDate":1533667988151,"updateDate":1533667988151,"applyBackgroundUpdates":1,"bootstrap":true,"path":"C:\\Users\\S82483\\AppData\\Local\\Mozilla Firefox\\browser\\features\\onboarding@mozilla.org.xpi","skinnable":false,"size":564181,"sourceURI":null,"releaseNotesURI":null,"softDisabled":false,"foreignInstall":false,"strictCompatibility":false,"locales":[],"targetApplications":[{"id":"{ec8030f7-c20a-464f-9b0e-13a3a9e97384}","minVersion":"61.0.2","maxVersion":"61.*"}],"targetPlatforms":[],"seen":true,"dependencies":[],"hasEmbeddedWebExtension":false,"userPermissions":null,"icons":{},"iconURL":null,"icon64URL":null,"blocklistState":0,"blocklistURL":null,"startupData":null}
1535729295012	addons.xpi	DEBUG	Updating XPIState for {"id":"screenshots@mozilla.org","syncGUID":"{4700be8f-7c3d-49ac-8d86-d6fd39b5239f}","location":"app-system-defaults","version":"32.1.0","type":"extension","updateURL":null,"optionsURL":null,"optionsType":null,"aboutURL":null,"defaultLocale":{"name":"Firefox Screenshots","description":null,"creator":null,"homepageURL":"https://screenshots.firefox.com/"},"visible":true,"active":true,"userDisabled":false,"appDisabled":false,"installDate":1533667988157,"updateDate":1533667988157,"applyBackgroundUpdates":1,"bootstrap":true,"path":"C:\\Users\\S82483\\AppData\\Local\\Mozilla Firefox\\browser\\features\\screenshots@mozilla.org.xpi","skinnable":false,"size":1002421,"sourceURI":null,"releaseNotesURI":null,"softDisabled":false,"foreignInstall":false,"strictCompatibility":false,"locales":[],"targetApplications":[{"id":"{ec8030f7-c20a-464f-9b0e-13a3a9e97384}","minVersion":"57.0a1","maxVersion":"*"}],"targetPlatforms":[],"seen":true,"dependencies":[],"hasEmbeddedWebExtension":false,"userPermissions":null,"icons":{},"iconURL":null,"icon64URL":null,"blocklistState":0,"blocklistURL":null,"startupData":null}
1535729295012	addons.xpi	DEBUG	Updating XPIState for {"id":"webcompat-reporter@mozilla.org","syncGUID":"{a2cdd5a1-a4b4-476c-b889-8d548301e887}","location":"app-system-defaults","version":"1.0.0","type":"extension","updateURL":null,"optionsURL":null,"optionsType":null,"aboutURL":null,"defaultLocale":{"name":"WebCompat Reporter","description":"Report site compatibility issues on webcompat.com.","creator":null,"homepageURL":null},"visible":true,"active":true,"userDisabled":false,"appDisabled":false,"installDate":1533667988157,"updateDate":1533667988157,"applyBackgroundUpdates":1,"bootstrap":true,"path":"C:\\Users\\S82483\\AppData\\Local\\Mozilla Firefox\\browser\\features\\webcompat-reporter@mozilla.org.xpi","skinnable":false,"size":12711,"sourceURI":null,"releaseNotesURI":null,"softDisabled":false,"foreignInstall":false,"strictCompatibility":false,"locales":[],"targetApplications":[{"id":"{ec8030f7-c20a-464f-9b0e-13a3a9e97384}","minVersion":"61.0.2","maxVersion":"61.*"}],"targetPlatforms":[],"seen":true,"dependencies":[],"hasEmbeddedWebExtension":false,"userPermissions":null,"icons":{},"iconURL":null,"icon64URL":null,"blocklistState":0,"blocklistURL":null,"startupData":null}
1535729295012	addons.xpi	DEBUG	Updating XPIState for {"id":"webcompat@mozilla.org","syncGUID":"{38af04b6-1e0a-4bc2-b27e-20685ca760fa}","location":"app-system-defaults","version":"2.0","type":"extension","updateURL":null,"optionsURL":null,"optionsType":null,"aboutURL":null,"defaultLocale":{"name":"Web Compat","description":"Urgent post-release fixes for web compatibility.","creator":null,"homepageURL":null},"visible":true,"active":true,"userDisabled":false,"appDisabled":false,"installDate":1533667988158,"updateDate":1533667988158,"applyBackgroundUpdates":1,"bootstrap":true,"path":"C:\\Users\\S82483\\AppData\\Local\\Mozilla Firefox\\browser\\features\\webcompat@mozilla.org.xpi","skinnable":false,"size":13138,"sourceURI":null,"releaseNotesURI":null,"softDisabled":false,"foreignInstall":false,"strictCompatibility":false,"locales":[],"targetApplications":[{"id":"{ec8030f7-c20a-464f-9b0e-13a3a9e97384}","minVersion":"61.0.2","maxVersion":"61.*"},{"id":"{aa3c5121-dab2-40e2-81ca-7ea25febc110}","minVersion":"61.0.2","maxVersion":"61.*"}],"targetPlatforms":[],"seen":true,"dependencies":[],"hasEmbeddedWebExtension":true,"userPermissions":null,"icons":{},"iconURL":null,"icon64URL":null,"blocklistState":0,"blocklistURL":null,"startupData":null}
1535729295013	addons.xpi	DEBUG	Updating database with changes to installed add-ons
1535729295013	addons.xpi-utils	DEBUG	Updating add-on states
1535729295017	addons.xpi	DEBUG	Registering manifest for C:\Users\S82483\AppData\Local\Mozilla Firefox\browser\features\activity-stream@mozilla.org.xpi
1535729295019	addons.xpi	DEBUG	Calling bootstrap method startup on activity-stream@mozilla.org version 2018.06.29.1026-fa231556
1535729295019	addons.xpi	DEBUG	Registering manifest for C:\Users\S82483\AppData\Local\Mozilla Firefox\browser\features\aushelper@mozilla.org.xpi
1535729295020	addons.xpi	DEBUG	Calling bootstrap method startup on aushelper@mozilla.org version 2.0
1535729295022	addons.xpi	DEBUG	Registering manifest for C:\Users\S82483\AppData\Local\Mozilla Firefox\browser\features\firefox@getpocket.com.xpi
1535729295022	addons.xpi	DEBUG	Calling bootstrap method startup on firefox@getpocket.com version 1.0.5
1535729295037	addons.xpi	DEBUG	Registering manifest for C:\Users\S82483\AppData\Local\Mozilla Firefox\browser\features\formautofill@mozilla.org.xpi
1535729295038	addons.xpi	DEBUG	Calling bootstrap method startup on formautofill@mozilla.org version 1.0
1535729295039	addons.xpi	DEBUG	Registering manifest for C:\Users\S82483\AppData\Local\Mozilla Firefox\browser\features\onboarding@mozilla.org.xpi
1535729295040	addons.xpi	DEBUG	Calling bootstrap method startup on onboarding@mozilla.org version 1.0
1535729295040	addons.xpi	DEBUG	Registering manifest for C:\Users\S82483\AppData\Local\Mozilla Firefox\browser\features\screenshots@mozilla.org.xpi
1535729295041	addons.xpi	DEBUG	Calling bootstrap method startup on screenshots@mozilla.org version 32.1.0
1535729295041	addons.xpi	DEBUG	Registering manifest for C:\Users\S82483\AppData\Local\Mozilla Firefox\browser\features\webcompat-reporter@mozilla.org.xpi
1535729295042	addons.xpi	DEBUG	Calling bootstrap method startup on webcompat-reporter@mozilla.org version 1.0.0
1535729295042	addons.xpi	DEBUG	Registering manifest for C:\Users\S82483\AppData\Local\Mozilla Firefox\browser\features\webcompat@mozilla.org.xpi
1535729295044	addons.xpi	DEBUG	Calling bootstrap method startup on webcompat@mozilla.org version 2.0
1535729295052	addons.manager	DEBUG	Registering shutdown blocker for XPIProvider
1535729295052	addons.manager	DEBUG	Provider finished startup: XPIProvider
1535729295052	addons.manager	DEBUG	Starting provider: LightweightThemeManager
1535729295052	addons.manager	DEBUG	Registering shutdown blocker for LightweightThemeManager
1535729295052	addons.manager	DEBUG	Provider finished startup: LightweightThemeManager
1535729295053	addons.manager	DEBUG	Starting provider: GMPProvider
1535729295057	addons.manager	DEBUG	Registering shutdown blocker for GMPProvider
1535729295057	addons.manager	DEBUG	Provider finished startup: GMPProvider
1535729295057	addons.manager	DEBUG	Starting provider: PluginProvider
1535729295057	addons.manager	DEBUG	Registering shutdown blocker for PluginProvider
1535729295057	addons.manager	DEBUG	Provider finished startup: PluginProvider
1535729295059	addons.manager	DEBUG	Completed startup sequence
1535729296880	addons.repository	DEBUG	No addons.json found.
1535729298989	addons.xpi	DEBUG	Existing add-on activity-stream@mozilla.org in app-system-defaults
1535729298989	addons.xpi	DEBUG	Existing add-on aushelper@mozilla.org in app-system-defaults
1535729298989	addons.xpi	DEBUG	Existing add-on firefox@getpocket.com in app-system-defaults
1535729298989	addons.xpi	DEBUG	Existing add-on formautofill@mozilla.org in app-system-defaults
1535729298990	addons.xpi	DEBUG	Existing add-on onboarding@mozilla.org in app-system-defaults
1535729298990	addons.xpi	DEBUG	Existing add-on screenshots@mozilla.org in app-system-defaults
1535729298990	addons.xpi	DEBUG	Existing add-on webcompat-reporter@mozilla.org in app-system-defaults
1535729298990	addons.xpi	DEBUG	Existing add-on webcompat@mozilla.org in app-system-defaults
1535729298991	addons.xpi	DEBUG	getInstallState changed: false, state: {}
1535729299530	Marionette	INFO	Listening on port 65020
1535729299928	Marionette	WARN	TLS certificate errors will be ignored for this session
1535729326669	addons.productaddons	INFO	sending request to: https://aus5.mozilla.org/update/3/GMP/61.0.2/20180807170231/WINNT_x86_64-msvc-x64/en-US/release/Windows_NT%206.1.1.0.7601%20(x64)/default/default/update.xml
1535729327677	addons.productaddons	INFO	Completed downloading document
1535729327678	addons.productaddons	ERROR	Request failed certificate checks: [Exception... "Certificate checks failed. See previous errors for details."  nsresult: "0x80070057 (NS_ERROR_ILLEGAL_VALUE)"  location: "JS frame :: resource://gre/modules/CertUtils.jsm :: validateCert :: line 109"  data: no]
1535729327678	addons.productaddons	INFO	fetching config from: chrome://global/content/gmp-sources/openh264.json
1535729327678	addons.productaddons	INFO	fetching config from: chrome://global/content/gmp-sources/widevinecdm.json
1535729327679	addons.productaddons	INFO	found plugin: gmp-gmpopenh264
1535729327680	addons.productaddons	INFO	found plugin: gmp-widevinecdm
1535729328030	addons.productaddons	INFO	downloadXHR File download. status=200
1535729328035	addons.productaddons	INFO	Downloaded file will be saved to C:\Users\S82483\AppData\Local\Temp\tmpaddon-f4cd4f
1535729329570	addons.productaddons	INFO	downloadXHR File download. status=200
1535729329573	addons.productaddons	INFO	Downloaded file will be saved to C:\Users\S82483\AppData\Local\Temp\tmpaddon-dbd9d7
1535729685738	addons.manager	DEBUG	Background update check beginning
1535729685738	addons.manager	DEBUG	Background update check complete
er	INFO	Running command: "C:\\Users\\S82483\\AppData\\Local\\Mozilla Firefox\\firefox.exe" "-marionette" "--headless" "-foreground" "-no-remote" "-profile" "C:\\Users\\S82483\\AppData\\Local\\Temp\\rust_mozprofile.NQrJBGhXegph"
*** You are running in headless mode.
1535729550379	addons.manager	DEBUG	Application has been upgraded
1535729550391	addons.manager	DEBUG	Loaded provider scope for resource://gre/modules/addons/XPIProvider.jsm: ["XPIProvider", "XPIInternal"]
1535729550393	addons.manager	DEBUG	Loaded provider scope for resource://gre/modules/LightweightThemeManager.jsm: ["LightweightThemeManager"]
1535729550413	addons.manager	DEBUG	Loaded provider scope for resource://gre/modules/addons/GMPProvider.jsm
1535729550414	addons.manager	DEBUG	Loaded provider scope for resource://gre/modules/addons/PluginProvider.jsm
1535729550415	addons.manager	DEBUG	Starting provider: XPIProvider
1535729550415	addons.xpi	DEBUG	startup
1535729550415	addons.xpi	INFO	SystemAddonInstallLocation directory is missing
1535729550425	addons.xpi	INFO	Removing all system add-on upgrades.
1535729550426	addons.xpi	DEBUG	checkForChanges
1535729550426	addons.xpi	DEBUG	Loaded add-on state: ${}
1535729550428	addons.xpi	DEBUG	New add-on activity-stream@mozilla.org in app-system-defaults
1535729550428	addons.xpi	DEBUG	New add-on aushelper@mozilla.org in app-system-defaults
1535729550429	addons.xpi	DEBUG	New add-on firefox@getpocket.com in app-system-defaults
1535729550430	addons.xpi	DEBUG	New add-on formautofill@mozilla.org in app-system-defaults
1535729550430	addons.xpi	DEBUG	New add-on onboarding@mozilla.org in app-system-defaults
1535729550431	addons.xpi	DEBUG	New add-on screenshots@mozilla.org in app-system-defaults
1535729550431	addons.xpi	DEBUG	New add-on webcompat-reporter@mozilla.org in app-system-defaults
1535729550432	addons.xpi	DEBUG	New add-on webcompat@mozilla.org in app-system-defaults
1535729550433	addons.xpi	DEBUG	getInstallState changed: true, state: {}
1535729550440	addons.xpi-utils	DEBUG	Opening XPI database C:\Users\S82483\AppData\Local\Temp\rust_mozprofile.NQrJBGhXegph\extensions.json
1535729550441	addons.xpi-utils	DEBUG	New add-on activity-stream@mozilla.org installed in app-system-defaults
*** Blocklist::_preloadBlocklistFile: blocklist is disabled
1535729550462	addons.xpi-utils	DEBUG	New add-on aushelper@mozilla.org installed in app-system-defaults
1535729550466	addons.xpi-utils	DEBUG	New add-on firefox@getpocket.com installed in app-system-defaults
1535729550471	addons.xpi-utils	DEBUG	New add-on formautofill@mozilla.org installed in app-system-defaults
1535729550476	addons.xpi-utils	DEBUG	New add-on onboarding@mozilla.org installed in app-system-defaults
1535729550481	addons.xpi-utils	DEBUG	New add-on screenshots@mozilla.org installed in app-system-defaults
1535729550491	addons.xpi-utils	DEBUG	New add-on webcompat-reporter@mozilla.org installed in app-system-defaults
1535729550495	addons.xpi-utils	DEBUG	New add-on webcompat@mozilla.org installed in app-system-defaults
1535729550563	addons.xpi-utils	DEBUG	XPI Database saved, setting schema version preference to 26
1535729550825	addons.manager	DEBUG	Registering startup change 'installed' for activity-stream@mozilla.org
1535729550825	addons.xpi	DEBUG	Loading bootstrap scope from C:\Users\S82483\AppData\Local\Mozilla Firefox\browser\features\activity-stream@mozilla.org.xpi
1535729550827	addons.xpi	DEBUG	Calling bootstrap method install on activity-stream@mozilla.org version 2018.06.29.1026-fa231556
1535729550828	addons.xpi-utils	DEBUG	Make addon app-system-defaults:activity-stream@mozilla.org visible
1535729550828	addons.xpi	DEBUG	Updating XPIState for {"id":"activity-stream@mozilla.org","syncGUID":"{b9afc01e-d121-4689-86e4-f03068d0256f}","location":"app-system-defaults","version":"2018.06.29.1026-fa231556","type":"extension","updateURL":null,"optionsURL":null,"optionsType":null,"aboutURL":null,"defaultLocale":{"name":"Activity Stream","description":"A rich visual history feed and a reimagined home page make it easier than ever to find exactly what you're looking for in Firefox.","creator":null,"homepageURL":null},"visible":true,"active":false,"userDisabled":false,"appDisabled":false,"installDate":1533667988138,"updateDate":1533667988138,"applyBackgroundUpdates":1,"bootstrap":true,"path":"C:\\Users\\S82483\\AppData\\Local\\Mozilla Firefox\\browser\\features\\activity-stream@mozilla.org.xpi","skinnable":false,"size":2732420,"sourceURI":null,"releaseNotesURI":null,"softDisabled":false,"foreignInstall":false,"strictCompatibility":false,"locales":[],"targetApplications":[{"id":"{ec8030f7-c20a-464f-9b0e-13a3a9e97384}","minVersion":"61.0.2","maxVersion":"61.*"}],"targetPlatforms":[],"seen":true,"dependencies":[],"hasEmbeddedWebExtension":false,"userPermissions":null,"icons":{},"iconURL":null,"icon64URL":null,"blocklistState":0,"blocklistURL":null,"startupData":null}
1535729550829	addons.manager	DEBUG	Registering startup change 'installed' for aushelper@mozilla.org
1535729550829	addons.xpi	DEBUG	Loading bootstrap scope from C:\Users\S82483\AppData\Local\Mozilla Firefox\browser\features\aushelper@mozilla.org.xpi
1535729550832	addons.xpi	DEBUG	Calling bootstrap method install on aushelper@mozilla.org version 2.0
1535729550832	addons.xpi-utils	DEBUG	Make addon app-system-defaults:aushelper@mozilla.org visible
1535729550832	addons.xpi	DEBUG	Updating XPIState for {"id":"aushelper@mozilla.org","syncGUID":"{d1438428-7773-40cd-9cf9-4461d10afad0}","location":"app-system-defaults","version":"2.0","type":"extension","updateURL":null,"optionsURL":null,"optionsType":null,"aboutURL":null,"defaultLocale":{"name":"Application Update Service Helper","description":"Sets value(s) in the update url based on custom checks.","creator":null,"homepageURL":null},"visible":true,"active":false,"userDisabled":false,"appDisabled":false,"installDate":1533667988138,"updateDate":1533667988138,"applyBackgroundUpdates":1,"bootstrap":true,"path":"C:\\Users\\S82483\\AppData\\Local\\Mozilla Firefox\\browser\\features\\aushelper@mozilla.org.xpi","skinnable":false,"size":8425,"sourceURI":null,"releaseNotesURI":null,"softDisabled":false,"foreignInstall":false,"strictCompatibility":false,"locales":[],"targetApplications":[{"id":"{ec8030f7-c20a-464f-9b0e-13a3a9e97384}","minVersion":"61.0.2","maxVersion":"61.*"}],"targetPlatforms":[],"seen":true,"dependencies":[],"hasEmbeddedWebExtension":false,"userPermissions":null,"icons":{},"iconURL":null,"icon64URL":null,"blocklistState":0,"blocklistURL":null,"startupData":null}
1535729550833	addons.manager	DEBUG	Registering startup change 'installed' for firefox@getpocket.com
1535729550833	addons.xpi	DEBUG	Loading bootstrap scope from C:\Users\S82483\AppData\Local\Mozilla Firefox\browser\features\firefox@getpocket.com.xpi
1535729550837	addons.xpi	DEBUG	Calling bootstrap method install on firefox@getpocket.com version 1.0.5
1535729550837	addons.xpi-utils	DEBUG	Make addon app-system-defaults:firefox@getpocket.com visible
1535729550838	addons.xpi	DEBUG	Updating XPIState for {"id":"firefox@getpocket.com","syncGUID":"{76ce474c-34ec-4231-8e3f-9aa8dd8f5252}","location":"app-system-defaults","version":"1.0.5","type":"extension","updateURL":null,"optionsURL":null,"optionsType":null,"aboutURL":null,"defaultLocale":{"name":"Pocket","description":"When you find something you want to view later, put it in Pocket.","creator":null,"homepageURL":null},"visible":true,"active":false,"userDisabled":false,"appDisabled":false,"installDate":1533667988143,"updateDate":1533667988143,"applyBackgroundUpdates":1,"bootstrap":true,"path":"C:\\Users\\S82483\\AppData\\Local\\Mozilla Firefox\\browser\\features\\firefox@getpocket.com.xpi","skinnable":false,"size":855820,"sourceURI":null,"releaseNotesURI":null,"softDisabled":false,"foreignInstall":false,"strictCompatibility":false,"locales":[],"targetApplications":[{"id":"{ec8030f7-c20a-464f-9b0e-13a3a9e97384}","minVersion":"61.0.2","maxVersion":"61.*"}],"targetPlatforms":[],"seen":true,"dependencies":[],"hasEmbeddedWebExtension":false,"userPermissions":null,"icons":{},"iconURL":null,"icon64URL":null,"blocklistState":0,"blocklistURL":null,"startupData":null}
1535729550838	addons.manager	DEBUG	Registering startup change 'installed' for formautofill@mozilla.org
1535729550838	addons.xpi	DEBUG	Loading bootstrap scope from C:\Users\S82483\AppData\Local\Mozilla Firefox\browser\features\formautofill@mozilla.org.xpi
1535729550841	addons.xpi	DEBUG	Calling bootstrap method install on formautofill@mozilla.org version 1.0
1535729550841	addons.xpi-utils	DEBUG	Make addon app-system-defaults:formautofill@mozilla.org visible
1535729550841	addons.xpi	DEBUG	Updating XPIState for {"id":"formautofill@mozilla.org","syncGUID":"{2f054a6e-9247-417e-b89e-ca70cd695a98}","location":"app-system-defaults","version":"1.0","type":"extension","updateURL":null,"optionsURL":null,"optionsType":null,"aboutURL":null,"defaultLocale":{"name":"Form Autofill","description":"Autofill forms with saved profiles","creator":null,"homepageURL":null},"visible":true,"active":false,"userDisabled":false,"appDisabled":false,"installDate":1533667988146,"updateDate":1533667988146,"applyBackgroundUpdates":1,"bootstrap":true,"path":"C:\\Users\\S82483\\AppData\\Local\\Mozilla Firefox\\browser\\features\\formautofill@mozilla.org.xpi","skinnable":false,"size":465058,"sourceURI":null,"releaseNotesURI":null,"softDisabled":false,"foreignInstall":false,"strictCompatibility":false,"locales":[],"targetApplications":[{"id":"{ec8030f7-c20a-464f-9b0e-13a3a9e97384}","minVersion":"61.0.2","maxVersion":"61.*"}],"targetPlatforms":[],"seen":true,"dependencies":[],"hasEmbeddedWebExtension":false,"userPermissions":null,"icons":{},"iconURL":null,"icon64URL":null,"blocklistState":0,"blocklistURL":null,"startupData":null}
1535729550842	addons.manager	DEBUG	Registering startup change 'installed' for onboarding@mozilla.org
1535729550842	addons.xpi	DEBUG	Loading bootstrap scope from C:\Users\S82483\AppData\Local\Mozilla Firefox\browser\features\onboarding@mozilla.org.xpi
1535729550844	addons.xpi	DEBUG	Calling bootstrap method install on onboarding@mozilla.org version 1.0
1535729550844	addons.xpi-utils	DEBUG	Make addon app-system-defaults:onboarding@mozilla.org visible
1535729550845	addons.xpi	DEBUG	Updating XPIState for {"id":"onboarding@mozilla.org","syncGUID":"{98decdf8-490f-4406-9d59-b897c8bffc54}","location":"app-system-defaults","version":"1.0","type":"extension","updateURL":null,"optionsURL":null,"optionsType":null,"aboutURL":null,"defaultLocale":{"name":"Photon onboarding","description":"Photon onboarding","creator":null,"homepageURL":null},"visible":true,"active":false,"userDisabled":false,"appDisabled":false,"installDate":1533667988151,"updateDate":1533667988151,"applyBackgroundUpdates":1,"bootstrap":true,"path":"C:\\Users\\S82483\\AppData\\Local\\Mozilla Firefox\\browser\\features\\onboarding@mozilla.org.xpi","skinnable":false,"size":564181,"sourceURI":null,"releaseNotesURI":null,"softDisabled":false,"foreignInstall":false,"strictCompatibility":false,"locales":[],"targetApplications":[{"id":"{ec8030f7-c20a-464f-9b0e-13a3a9e97384}","minVersion":"61.0.2","maxVersion":"61.*"}],"targetPlatforms":[],"seen":true,"dependencies":[],"hasEmbeddedWebExtension":false,"userPermissions":null,"icons":{},"iconURL":null,"icon64URL":null,"blocklistState":0,"blocklistURL":null,"startupData":null}
1535729550845	addons.manager	DEBUG	Registering startup change 'installed' for screenshots@mozilla.org
1535729550845	addons.xpi	DEBUG	Loading bootstrap scope from C:\Users\S82483\AppData\Local\Mozilla Firefox\browser\features\screenshots@mozilla.org.xpi
1535729550848	addons.xpi	DEBUG	Calling bootstrap method install on screenshots@mozilla.org version 32.1.0
1535729550848	addons.xpi-utils	DEBUG	Make addon app-system-defaults:screenshots@mozilla.org visible
1535729550848	addons.xpi	DEBUG	Updating XPIState for {"id":"screenshots@mozilla.org","syncGUID":"{b6f14cc8-cce8-470a-8a66-6e2db610c4dc}","location":"app-system-defaults","version":"32.1.0","type":"extension","updateURL":null,"optionsURL":null,"optionsType":null,"aboutURL":null,"defaultLocale":{"name":"Firefox Screenshots","description":null,"creator":null,"homepageURL":"https://screenshots.firefox.com/"},"visible":true,"active":false,"userDisabled":false,"appDisabled":false,"installDate":1533667988157,"updateDate":1533667988157,"applyBackgroundUpdates":1,"bootstrap":true,"path":"C:\\Users\\S82483\\AppData\\Local\\Mozilla Firefox\\browser\\features\\screenshots@mozilla.org.xpi","skinnable":false,"size":1002421,"sourceURI":null,"releaseNotesURI":null,"softDisabled":false,"foreignInstall":false,"strictCompatibility":false,"locales":[],"targetApplications":[{"id":"{ec8030f7-c20a-464f-9b0e-13a3a9e97384}","minVersion":"57.0a1","maxVersion":"*"}],"targetPlatforms":[],"seen":true,"dependencies":[],"hasEmbeddedWebExtension":false,"userPermissions":null,"icons":{},"iconURL":null,"icon64URL":null,"blocklistState":0,"blocklistURL":null,"startupData":null}
1535729550849	addons.manager	DEBUG	Registering startup change 'installed' for webcompat-reporter@mozilla.org
1535729550849	addons.xpi	DEBUG	Loading bootstrap scope from C:\Users\S82483\AppData\Local\Mozilla Firefox\browser\features\webcompat-reporter@mozilla.org.xpi
1535729550851	addons.xpi	DEBUG	Calling bootstrap method install on webcompat-reporter@mozilla.org version 1.0.0
1535729550851	addons.xpi-utils	DEBUG	Make addon app-system-defaults:webcompat-reporter@mozilla.org visible
1535729550852	addons.xpi	DEBUG	Updating XPIState for {"id":"webcompat-reporter@mozilla.org","syncGUID":"{289ba065-f402-476a-9333-1fa2688714ae}","location":"app-system-defaults","version":"1.0.0","type":"extension","updateURL":null,"optionsURL":null,"optionsType":null,"aboutURL":null,"defaultLocale":{"name":"WebCompat Reporter","description":"Report site compatibility issues on webcompat.com.","creator":null,"homepageURL":null},"visible":true,"active":false,"userDisabled":false,"appDisabled":false,"installDate":1533667988157,"updateDate":1533667988157,"applyBackgroundUpdates":1,"bootstrap":true,"path":"C:\\Users\\S82483\\AppData\\Local\\Mozilla Firefox\\browser\\features\\webcompat-reporter@mozilla.org.xpi","skinnable":false,"size":12711,"sourceURI":null,"releaseNotesURI":null,"softDisabled":false,"foreignInstall":false,"strictCompatibility":false,"locales":[],"targetApplications":[{"id":"{ec8030f7-c20a-464f-9b0e-13a3a9e97384}","minVersion":"61.0.2","maxVersion":"61.*"}],"targetPlatforms":[],"seen":true,"dependencies":[],"hasEmbeddedWebExtension":false,"userPermissions":null,"icons":{},"iconURL":null,"icon64URL":null,"blocklistState":0,"blocklistURL":null,"startupData":null}
1535729550852	addons.manager	DEBUG	Registering startup change 'installed' for webcompat@mozilla.org
1535729550852	addons.xpi	DEBUG	Loading bootstrap scope from C:\Users\S82483\AppData\Local\Mozilla Firefox\browser\features\webcompat@mozilla.org.xpi
1535729550854	addons.xpi	DEBUG	Calling bootstrap method install on webcompat@mozilla.org version 2.0
1535729550855	addons.xpi-utils	DEBUG	Make addon app-system-defaults:webcompat@mozilla.org visible
1535729550855	addons.xpi	DEBUG	Updating XPIState for {"id":"webcompat@mozilla.org","syncGUID":"{d8a21874-96c5-470b-a934-3f4edb629174}","location":"app-system-defaults","version":"2.0","type":"extension","updateURL":null,"optionsURL":null,"optionsType":null,"aboutURL":null,"defaultLocale":{"name":"Web Compat","description":"Urgent post-release fixes for web compatibility.","creator":null,"homepageURL":null},"visible":true,"active":false,"userDisabled":false,"appDisabled":false,"installDate":1533667988158,"updateDate":1533667988158,"applyBackgroundUpdates":1,"bootstrap":true,"path":"C:\\Users\\S82483\\AppData\\Local\\Mozilla Firefox\\browser\\features\\webcompat@mozilla.org.xpi","skinnable":false,"size":13138,"sourceURI":null,"releaseNotesURI":null,"softDisabled":false,"foreignInstall":false,"strictCompatibility":false,"locales":[],"targetApplications":[{"id":"{ec8030f7-c20a-464f-9b0e-13a3a9e97384}","minVersion":"61.0.2","maxVersion":"61.*"},{"id":"{aa3c5121-dab2-40e2-81ca-7ea25febc110}","minVersion":"61.0.2","maxVersion":"61.*"}],"targetPlatforms":[],"seen":true,"dependencies":[],"hasEmbeddedWebExtension":true,"userPermissions":null,"icons":{},"iconURL":null,"icon64URL":null,"blocklistState":0,"blocklistURL":null,"startupData":null}
1535729550856	addons.xpi	DEBUG	Updating XPIState for {"id":"activity-stream@mozilla.org","syncGUID":"{b9afc01e-d121-4689-86e4-f03068d0256f}","location":"app-system-defaults","version":"2018.06.29.1026-fa231556","type":"extension","updateURL":null,"optionsURL":null,"optionsType":null,"aboutURL":null,"defaultLocale":{"name":"Activity Stream","description":"A rich visual history feed and a reimagined home page make it easier than ever to find exactly what you're looking for in Firefox.","creator":null,"homepageURL":null},"visible":true,"active":true,"userDisabled":false,"appDisabled":false,"installDate":1533667988138,"updateDate":1533667988138,"applyBackgroundUpdates":1,"bootstrap":true,"path":"C:\\Users\\S82483\\AppData\\Local\\Mozilla Firefox\\browser\\features\\activity-stream@mozilla.org.xpi","skinnable":false,"size":2732420,"sourceURI":null,"releaseNotesURI":null,"softDisabled":false,"foreignInstall":false,"strictCompatibility":false,"locales":[],"targetApplications":[{"id":"{ec8030f7-c20a-464f-9b0e-13a3a9e97384}","minVersion":"61.0.2","maxVersion":"61.*"}],"targetPlatforms":[],"seen":true,"dependencies":[],"hasEmbeddedWebExtension":false,"userPermissions":null,"icons":{},"iconURL":null,"icon64URL":null,"blocklistState":0,"blocklistURL":null,"startupData":null}
1535729550856	addons.xpi	DEBUG	Updating XPIState for {"id":"aushelper@mozilla.org","syncGUID":"{d1438428-7773-40cd-9cf9-4461d10afad0}","location":"app-system-defaults","version":"2.0","type":"extension","updateURL":null,"optionsURL":null,"optionsType":null,"aboutURL":null,"defaultLocale":{"name":"Application Update Service Helper","description":"Sets value(s) in the update url based on custom checks.","creator":null,"homepageURL":null},"visible":true,"active":true,"userDisabled":false,"appDisabled":false,"installDate":1533667988138,"updateDate":1533667988138,"applyBackgroundUpdates":1,"bootstrap":true,"path":"C:\\Users\\S82483\\AppData\\Local\\Mozilla Firefox\\browser\\features\\aushelper@mozilla.org.xpi","skinnable":false,"size":8425,"sourceURI":null,"releaseNotesURI":null,"softDisabled":false,"foreignInstall":false,"strictCompatibility":false,"locales":[],"targetApplications":[{"id":"{ec8030f7-c20a-464f-9b0e-13a3a9e97384}","minVersion":"61.0.2","maxVersion":"61.*"}],"targetPlatforms":[],"seen":true,"dependencies":[],"hasEmbeddedWebExtension":false,"userPermissions":null,"icons":{},"iconURL":null,"icon64URL":null,"blocklistState":0,"blocklistURL":null,"startupData":null}
1535729550856	addons.xpi	DEBUG	Updating XPIState for {"id":"firefox@getpocket.com","syncGUID":"{76ce474c-34ec-4231-8e3f-9aa8dd8f5252}","location":"app-system-defaults","version":"1.0.5","type":"extension","updateURL":null,"optionsURL":null,"optionsType":null,"aboutURL":null,"defaultLocale":{"name":"Pocket","description":"When you find something you want to view later, put it in Pocket.","creator":null,"homepageURL":null},"visible":true,"active":true,"userDisabled":false,"appDisabled":false,"installDate":1533667988143,"updateDate":1533667988143,"applyBackgroundUpdates":1,"bootstrap":true,"path":"C:\\Users\\S82483\\AppData\\Local\\Mozilla Firefox\\browser\\features\\firefox@getpocket.com.xpi","skinnable":false,"size":855820,"sourceURI":null,"releaseNotesURI":null,"softDisabled":false,"foreignInstall":false,"strictCompatibility":false,"locales":[],"targetApplications":[{"id":"{ec8030f7-c20a-464f-9b0e-13a3a9e97384}","minVersion":"61.0.2","maxVersion":"61.*"}],"targetPlatforms":[],"seen":true,"dependencies":[],"hasEmbeddedWebExtension":false,"userPermissions":null,"icons":{},"iconURL":null,"icon64URL":null,"blocklistState":0,"blocklistURL":null,"startupData":null}
1535729550857	addons.xpi	DEBUG	Updating XPIState for {"id":"formautofill@mozilla.org","syncGUID":"{2f054a6e-9247-417e-b89e-ca70cd695a98}","location":"app-system-defaults","version":"1.0","type":"extension","updateURL":null,"optionsURL":null,"optionsType":null,"aboutURL":null,"defaultLocale":{"name":"Form Autofill","description":"Autofill forms with saved profiles","creator":null,"homepageURL":null},"visible":true,"active":true,"userDisabled":false,"appDisabled":false,"installDate":1533667988146,"updateDate":1533667988146,"applyBackgroundUpdates":1,"bootstrap":true,"path":"C:\\Users\\S82483\\AppData\\Local\\Mozilla Firefox\\browser\\features\\formautofill@mozilla.org.xpi","skinnable":false,"size":465058,"sourceURI":null,"releaseNotesURI":null,"softDisabled":false,"foreignInstall":false,"strictCompatibility":false,"locales":[],"targetApplications":[{"id":"{ec8030f7-c20a-464f-9b0e-13a3a9e97384}","minVersion":"61.0.2","maxVersion":"61.*"}],"targetPlatforms":[],"seen":true,"dependencies":[],"hasEmbeddedWebExtension":false,"userPermissions":null,"icons":{},"iconURL":null,"icon64URL":null,"blocklistState":0,"blocklistURL":null,"startupData":null}
1535729550857	addons.xpi	DEBUG	Updating XPIState for {"id":"onboarding@mozilla.org","syncGUID":"{98decdf8-490f-4406-9d59-b897c8bffc54}","location":"app-system-defaults","version":"1.0","type":"extension","updateURL":null,"optionsURL":null,"optionsType":null,"aboutURL":null,"defaultLocale":{"name":"Photon onboarding","description":"Photon onboarding","creator":null,"homepageURL":null},"visible":true,"active":true,"userDisabled":false,"appDisabled":false,"installDate":1533667988151,"updateDate":1533667988151,"applyBackgroundUpdates":1,"bootstrap":true,"path":"C:\\Users\\S82483\\AppData\\Local\\Mozilla Firefox\\browser\\features\\onboarding@mozilla.org.xpi","skinnable":false,"size":564181,"sourceURI":null,"releaseNotesURI":null,"softDisabled":false,"foreignInstall":false,"strictCompatibility":false,"locales":[],"targetApplications":[{"id":"{ec8030f7-c20a-464f-9b0e-13a3a9e97384}","minVersion":"61.0.2","maxVersion":"61.*"}],"targetPlatforms":[],"seen":true,"dependencies":[],"hasEmbeddedWebExtension":false,"userPermissions":null,"icons":{},"iconURL":null,"icon64URL":null,"blocklistState":0,"blocklistURL":null,"startupData":null}
1535729550857	addons.xpi	DEBUG	Updating XPIState for {"id":"screenshots@mozilla.org","syncGUID":"{b6f14cc8-cce8-470a-8a66-6e2db610c4dc}","location":"app-system-defaults","version":"32.1.0","type":"extension","updateURL":null,"optionsURL":null,"optionsType":null,"aboutURL":null,"defaultLocale":{"name":"Firefox Screenshots","description":null,"creator":null,"homepageURL":"https://screenshots.firefox.com/"},"visible":true,"active":true,"userDisabled":false,"appDisabled":false,"installDate":1533667988157,"updateDate":1533667988157,"applyBackgroundUpdates":1,"bootstrap":true,"path":"C:\\Users\\S82483\\AppData\\Local\\Mozilla Firefox\\browser\\features\\screenshots@mozilla.org.xpi","skinnable":false,"size":1002421,"sourceURI":null,"releaseNotesURI":null,"softDisabled":false,"foreignInstall":false,"strictCompatibility":false,"locales":[],"targetApplications":[{"id":"{ec8030f7-c20a-464f-9b0e-13a3a9e97384}","minVersion":"57.0a1","maxVersion":"*"}],"targetPlatforms":[],"seen":true,"dependencies":[],"hasEmbeddedWebExtension":false,"userPermissions":null,"icons":{},"iconURL":null,"icon64URL":null,"blocklistState":0,"blocklistURL":null,"startupData":null}
1535729550858	addons.xpi	DEBUG	Updating XPIState for {"id":"webcompat-reporter@mozilla.org","syncGUID":"{289ba065-f402-476a-9333-1fa2688714ae}","location":"app-system-defaults","version":"1.0.0","type":"extension","updateURL":null,"optionsURL":null,"optionsType":null,"aboutURL":null,"defaultLocale":{"name":"WebCompat Reporter","description":"Report site compatibility issues on webcompat.com.","creator":null,"homepageURL":null},"visible":true,"active":true,"userDisabled":false,"appDisabled":false,"installDate":1533667988157,"updateDate":1533667988157,"applyBackgroundUpdates":1,"bootstrap":true,"path":"C:\\Users\\S82483\\AppData\\Local\\Mozilla Firefox\\browser\\features\\webcompat-reporter@mozilla.org.xpi","skinnable":false,"size":12711,"sourceURI":null,"releaseNotesURI":null,"softDisabled":false,"foreignInstall":false,"strictCompatibility":false,"locales":[],"targetApplications":[{"id":"{ec8030f7-c20a-464f-9b0e-13a3a9e97384}","minVersion":"61.0.2","maxVersion":"61.*"}],"targetPlatforms":[],"seen":true,"dependencies":[],"hasEmbeddedWebExtension":false,"userPermissions":null,"icons":{},"iconURL":null,"icon64URL":null,"blocklistState":0,"blocklistURL":null,"startupData":null}
1535729550858	addons.xpi	DEBUG	Updating XPIState for {"id":"webcompat@mozilla.org","syncGUID":"{d8a21874-96c5-470b-a934-3f4edb629174}","location":"app-system-defaults","version":"2.0","type":"extension","updateURL":null,"optionsURL":null,"optionsType":null,"aboutURL":null,"defaultLocale":{"name":"Web Compat","description":"Urgent post-release fixes for web compatibility.","creator":null,"homepageURL":null},"visible":true,"active":true,"userDisabled":false,"appDisabled":false,"installDate":1533667988158,"updateDate":1533667988158,"applyBackgroundUpdates":1,"bootstrap":true,"path":"C:\\Users\\S82483\\AppData\\Local\\Mozilla Firefox\\browser\\features\\webcompat@mozilla.org.xpi","skinnable":false,"size":13138,"sourceURI":null,"releaseNotesURI":null,"softDisabled":false,"foreignInstall":false,"strictCompatibility":false,"locales":[],"targetApplications":[{"id":"{ec8030f7-c20a-464f-9b0e-13a3a9e97384}","minVersion":"61.0.2","maxVersion":"61.*"},{"id":"{aa3c5121-dab2-40e2-81ca-7ea25febc110}","minVersion":"61.0.2","maxVersion":"61.*"}],"targetPlatforms":[],"seen":true,"dependencies":[],"hasEmbeddedWebExtension":true,"userPermissions":null,"icons":{},"iconURL":null,"icon64URL":null,"blocklistState":0,"blocklistURL":null,"startupData":null}
1535729550858	addons.xpi	DEBUG	Updating database with changes to installed add-ons
1535729550859	addons.xpi-utils	DEBUG	Updating add-on states
1535729550862	addons.xpi	DEBUG	Registering manifest for C:\Users\S82483\AppData\Local\Mozilla Firefox\browser\features\activity-stream@mozilla.org.xpi
1535729550863	addons.xpi	DEBUG	Calling bootstrap method startup on activity-stream@mozilla.org version 2018.06.29.1026-fa231556
1535729550863	addons.xpi	DEBUG	Registering manifest for C:\Users\S82483\AppData\Local\Mozilla Firefox\browser\features\aushelper@mozilla.org.xpi
1535729550864	addons.xpi	DEBUG	Calling bootstrap method startup on aushelper@mozilla.org version 2.0
1535729550865	addons.xpi	DEBUG	Registering manifest for C:\Users\S82483\AppData\Local\Mozilla Firefox\browser\features\firefox@getpocket.com.xpi
1535729550866	addons.xpi	DEBUG	Calling bootstrap method startup on firefox@getpocket.com version 1.0.5
1535729550872	addons.xpi	DEBUG	Registering manifest for C:\Users\S82483\AppData\Local\Mozilla Firefox\browser\features\formautofill@mozilla.org.xpi
1535729550873	addons.xpi	DEBUG	Calling bootstrap method startup on formautofill@mozilla.org version 1.0
1535729550874	addons.xpi	DEBUG	Registering manifest for C:\Users\S82483\AppData\Local\Mozilla Firefox\browser\features\onboarding@mozilla.org.xpi
1535729550875	addons.xpi	DEBUG	Calling bootstrap method startup on onboarding@mozilla.org version 1.0
1535729550875	addons.xpi	DEBUG	Registering manifest for C:\Users\S82483\AppData\Local\Mozilla Firefox\browser\features\screenshots@mozilla.org.xpi
1535729550876	addons.xpi	DEBUG	Calling bootstrap method startup on screenshots@mozilla.org version 32.1.0
1535729550876	addons.xpi	DEBUG	Registering manifest for C:\Users\S82483\AppData\Local\Mozilla Firefox\browser\features\webcompat-reporter@mozilla.org.xpi
1535729550877	addons.xpi	DEBUG	Calling bootstrap method startup on webcompat-reporter@mozilla.org version 1.0.0
1535729550877	addons.xpi	DEBUG	Registering manifest for C:\Users\S82483\AppData\Local\Mozilla Firefox\browser\features\webcompat@mozilla.org.xpi
1535729550879	addons.xpi	DEBUG	Calling bootstrap method startup on webcompat@mozilla.org version 2.0
1535729550881	addons.manager	DEBUG	Registering shutdown blocker for XPIProvider
1535729550881	addons.manager	DEBUG	Provider finished startup: XPIProvider
1535729550881	addons.manager	DEBUG	Starting provider: LightweightThemeManager
1535729550881	addons.manager	DEBUG	Registering shutdown blocker for LightweightThemeManager
1535729550881	addons.manager	DEBUG	Provider finished startup: LightweightThemeManager
1535729550882	addons.manager	DEBUG	Starting provider: GMPProvider
1535729550885	addons.manager	DEBUG	Registering shutdown blocker for GMPProvider
1535729550885	addons.manager	DEBUG	Provider finished startup: GMPProvider
1535729550885	addons.manager	DEBUG	Starting provider: PluginProvider
1535729550885	addons.manager	DEBUG	Registering shutdown blocker for PluginProvider
1535729550885	addons.manager	DEBUG	Provider finished startup: PluginProvider
1535729550886	addons.manager	DEBUG	Completed startup sequence
1535729551950	addons.repository	DEBUG	No addons.json found.
1535729553308	addons.xpi	DEBUG	Existing add-on activity-stream@mozilla.org in app-system-defaults
1535729553308	addons.xpi	DEBUG	Existing add-on aushelper@mozilla.org in app-system-defaults
1535729553309	addons.xpi	DEBUG	Existing add-on firefox@getpocket.com in app-system-defaults
1535729553309	addons.xpi	DEBUG	Existing add-on formautofill@mozilla.org in app-system-defaults
1535729553310	addons.xpi	DEBUG	Existing add-on onboarding@mozilla.org in app-system-defaults
1535729553310	addons.xpi	DEBUG	Existing add-on screenshots@mozilla.org in app-system-defaults
1535729553311	addons.xpi	DEBUG	Existing add-on webcompat-reporter@mozilla.org in app-system-defaults
1535729553311	addons.xpi	DEBUG	Existing add-on webcompat@mozilla.org in app-system-defaults
1535729553311	addons.xpi	DEBUG	getInstallState changed: false, state: {}
1535729553464	Marionette	INFO	Listening on port 65173
Unable to read VR Path Registry from C:\Users\S82483\AppData\Local\openvr\openvrpaths.vrpath
JavaScript error: jar:file:///C:/Users/S82483/AppData/Local/Mozilla%20Firefox/omni.ja!/components/nsUrlClassifierListManager.js, line 65: NS_ERROR_XPC_GS_RETURNED_FAILURE: Component returned failure code: 0x80570016 (NS_ERROR_XPC_GS_RETURNED_FAILURE) [nsIJSCID.getService]
JavaScript error: jar:file:///C:/Users/S82483/AppData/Local/Mozilla%20Firefox/omni.ja!/components/nsUrlClassifierListManager.js, line 65: NS_ERROR_XPC_GS_RETURNED_FAILURE: Component returned failure code: 0x80570016 (NS_ERROR_XPC_GS_RETURNED_FAILURE) [nsIJSCID.getService]
1535729554254	Marionette	WARN	TLS certificate errors will be ignored for this session
1535729719464	addons.productaddons	INFO	sending request to: https://aus5.mozilla.org/update/3/GMP/61.0.2/20180807170231/WINNT_x86_64-msvc-x64/en-US/release/Windows_NT%206.1.1.0.7601%20(x64)/default/default/update.xml
1535729720297	addons.productaddons	INFO	Completed downloading document
1535729720297	addons.productaddons	ERROR	Request failed certificate checks: [Exception... "Certificate checks failed. See previous errors for details."  nsresult: "0x80070057 (NS_ERROR_ILLEGAL_VALUE)"  location: "JS frame :: resource://gre/modules/CertUtils.jsm :: validateCert :: line 109"  data: no]
1535729720297	addons.productaddons	INFO	fetching config from: chrome://global/content/gmp-sources/openh264.json
1535729720298	addons.productaddons	INFO	fetching config from: chrome://global/content/gmp-sources/widevinecdm.json
1535729720298	addons.productaddons	INFO	found plugin: gmp-gmpopenh264
1535729720299	addons.productaddons	INFO	found plugin: gmp-widevinecdm
1535729720472	addons.productaddons	INFO	downloadXHR File download. status=200
1535729720477	addons.productaddons	INFO	Downloaded file will be saved to C:\Users\S82483\AppData\Local\Temp\tmpaddon-1a6b8e
1535729721764	addons.productaddons	INFO	downloadXHR File download. status=200
1535729721766	addons.productaddons	INFO	Downloaded file will be saved to C:\Users\S82483\AppData\Local\Temp\tmpaddon-c912e
1535729941395	addons.manager	DEBUG	Background update check beginning
1535729941395	addons.manager	DEBUG	Background update check complete
ts
1535729666957	addons.xpi	DEBUG	New add-on firefox@getpocket.com in app-system-defaults
1535729666958	addons.xpi	DEBUG	New add-on formautofill@mozilla.org in app-system-defaults
1535729666958	addons.xpi	DEBUG	New add-on onboarding@mozilla.org in app-system-defaults
1535729666959	addons.xpi	DEBUG	New add-on screenshots@mozilla.org in app-system-defaults
1535729666960	addons.xpi	DEBUG	New add-on webcompat-reporter@mozilla.org in app-system-defaults
1535729666960	addons.xpi	DEBUG	New add-on webcompat@mozilla.org in app-system-defaults
1535729666961	addons.xpi	DEBUG	getInstallState changed: true, state: {}
1535729666969	addons.xpi-utils	DEBUG	Opening XPI database C:\Users\S82483\AppData\Local\Temp\rust_mozprofile.9dlcSZiShULP\extensions.json
1535729666970	addons.xpi-utils	DEBUG	New add-on activity-stream@mozilla.org installed in app-system-defaults
*** Blocklist::_preloadBlocklistFile: blocklist is disabled
1535729666994	addons.xpi-utils	DEBUG	New add-on aushelper@mozilla.org installed in app-system-defaults
1535729666998	addons.xpi-utils	DEBUG	New add-on firefox@getpocket.com installed in app-system-defaults
1535729667003	addons.xpi-utils	DEBUG	New add-on formautofill@mozilla.org installed in app-system-defaults
1535729667008	addons.xpi-utils	DEBUG	New add-on onboarding@mozilla.org installed in app-system-defaults
1535729667012	addons.xpi-utils	DEBUG	New add-on screenshots@mozilla.org installed in app-system-defaults
1535729667020	addons.xpi-utils	DEBUG	New add-on webcompat-reporter@mozilla.org installed in app-system-defaults
1535729667025	addons.xpi-utils	DEBUG	New add-on webcompat@mozilla.org installed in app-system-defaults
1535729667057	addons.xpi-utils	DEBUG	XPI Database saved, setting schema version preference to 26
1535729667183	addons.manager	DEBUG	Registering startup change 'installed' for activity-stream@mozilla.org
1535729667189	addons.xpi	DEBUG	Loading bootstrap scope from C:\Users\S82483\AppData\Local\Mozilla Firefox\browser\features\activity-stream@mozilla.org.xpi
1535729667192	addons.xpi	DEBUG	Calling bootstrap method install on activity-stream@mozilla.org version 2018.06.29.1026-fa231556
1535729667192	addons.xpi-utils	DEBUG	Make addon app-system-defaults:activity-stream@mozilla.org visible
1535729667192	addons.xpi	DEBUG	Updating XPIState for {"id":"activity-stream@mozilla.org","syncGUID":"{c24e7dda-3c6f-46ae-a2f0-02694c8f2b69}","location":"app-system-defaults","version":"2018.06.29.1026-fa231556","type":"extension","updateURL":null,"optionsURL":null,"optionsType":null,"aboutURL":null,"defaultLocale":{"name":"Activity Stream","description":"A rich visual history feed and a reimagined home page make it easier than ever to find exactly what you're looking for in Firefox.","creator":null,"homepageURL":null},"visible":true,"active":false,"userDisabled":false,"appDisabled":false,"installDate":1533667988138,"updateDate":1533667988138,"applyBackgroundUpdates":1,"bootstrap":true,"path":"C:\\Users\\S82483\\AppData\\Local\\Mozilla Firefox\\browser\\features\\activity-stream@mozilla.org.xpi","skinnable":false,"size":2732420,"sourceURI":null,"releaseNotesURI":null,"softDisabled":false,"foreignInstall":false,"strictCompatibility":false,"locales":[],"targetApplications":[{"id":"{ec8030f7-c20a-464f-9b0e-13a3a9e97384}","minVersion":"61.0.2","maxVersion":"61.*"}],"targetPlatforms":[],"seen":true,"dependencies":[],"hasEmbeddedWebExtension":false,"userPermissions":null,"icons":{},"iconURL":null,"icon64URL":null,"blocklistState":0,"blocklistURL":null,"startupData":null}
1535729667193	addons.manager	DEBUG	Registering startup change 'installed' for aushelper@mozilla.org
1535729667194	addons.xpi	DEBUG	Loading bootstrap scope from C:\Users\S82483\AppData\Local\Mozilla Firefox\browser\features\aushelper@mozilla.org.xpi
1535729667196	addons.xpi	DEBUG	Calling bootstrap method install on aushelper@mozilla.org version 2.0
1535729667196	addons.xpi-utils	DEBUG	Make addon app-system-defaults:aushelper@mozilla.org visible
1535729667197	addons.xpi	DEBUG	Updating XPIState for {"id":"aushelper@mozilla.org","syncGUID":"{c88ab438-b286-4edc-b39f-215479de03f5}","location":"app-system-defaults","version":"2.0","type":"extension","updateURL":null,"optionsURL":null,"optionsType":null,"aboutURL":null,"defaultLocale":{"name":"Application Update Service Helper","description":"Sets value(s) in the update url based on custom checks.","creator":null,"homepageURL":null},"visible":true,"active":false,"userDisabled":false,"appDisabled":false,"installDate":1533667988138,"updateDate":1533667988138,"applyBackgroundUpdates":1,"bootstrap":true,"path":"C:\\Users\\S82483\\AppData\\Local\\Mozilla Firefox\\browser\\features\\aushelper@mozilla.org.xpi","skinnable":false,"size":8425,"sourceURI":null,"releaseNotesURI":null,"softDisabled":false,"foreignInstall":false,"strictCompatibility":false,"locales":[],"targetApplications":[{"id":"{ec8030f7-c20a-464f-9b0e-13a3a9e97384}","minVersion":"61.0.2","maxVersion":"61.*"}],"targetPlatforms":[],"seen":true,"dependencies":[],"hasEmbeddedWebExtension":false,"userPermissions":null,"icons":{},"iconURL":null,"icon64URL":null,"blocklistState":0,"blocklistURL":null,"startupData":null}
1535729667197	addons.manager	DEBUG	Registering startup change 'installed' for firefox@getpocket.com
1535729667197	addons.xpi	DEBUG	Loading bootstrap scope from C:\Users\S82483\AppData\Local\Mozilla Firefox\browser\features\firefox@getpocket.com.xpi
1535729667202	addons.xpi	DEBUG	Calling bootstrap method install on firefox@getpocket.com version 1.0.5
1535729667202	addons.xpi-utils	DEBUG	Make addon app-system-defaults:firefox@getpocket.com visible
1535729667203	addons.xpi	DEBUG	Updating XPIState for {"id":"firefox@getpocket.com","syncGUID":"{e7455e4e-2b2f-46af-99e6-5dd4915b334d}","location":"app-system-defaults","version":"1.0.5","type":"extension","updateURL":null,"optionsURL":null,"optionsType":null,"aboutURL":null,"defaultLocale":{"name":"Pocket","description":"When you find something you want to view later, put it in Pocket.","creator":null,"homepageURL":null},"visible":true,"active":false,"userDisabled":false,"appDisabled":false,"installDate":1533667988143,"updateDate":1533667988143,"applyBackgroundUpdates":1,"bootstrap":true,"path":"C:\\Users\\S82483\\AppData\\Local\\Mozilla Firefox\\browser\\features\\firefox@getpocket.com.xpi","skinnable":false,"size":855820,"sourceURI":null,"releaseNotesURI":null,"softDisabled":false,"foreignInstall":false,"strictCompatibility":false,"locales":[],"targetApplications":[{"id":"{ec8030f7-c20a-464f-9b0e-13a3a9e97384}","minVersion":"61.0.2","maxVersion":"61.*"}],"targetPlatforms":[],"seen":true,"dependencies":[],"hasEmbeddedWebExtension":false,"userPermissions":null,"icons":{},"iconURL":null,"icon64URL":null,"blocklistState":0,"blocklistURL":null,"startupData":null}
1535729667203	addons.manager	DEBUG	Registering startup change 'installed' for formautofill@mozilla.org
1535729667203	addons.xpi	DEBUG	Loading bootstrap scope from C:\Users\S82483\AppData\Local\Mozilla Firefox\browser\features\formautofill@mozilla.org.xpi
1535729667206	addons.xpi	DEBUG	Calling bootstrap method install on formautofill@mozilla.org version 1.0
1535729667206	addons.xpi-utils	DEBUG	Make addon app-system-defaults:formautofill@mozilla.org visible
1535729667206	addons.xpi	DEBUG	Updating XPIState for {"id":"formautofill@mozilla.org","syncGUID":"{a35cc505-b459-4f7d-b10e-ba4219c16c1e}","location":"app-system-defaults","version":"1.0","type":"extension","updateURL":null,"optionsURL":null,"optionsType":null,"aboutURL":null,"defaultLocale":{"name":"Form Autofill","description":"Autofill forms with saved profiles","creator":null,"homepageURL":null},"visible":true,"active":false,"userDisabled":false,"appDisabled":false,"installDate":1533667988146,"updateDate":1533667988146,"applyBackgroundUpdates":1,"bootstrap":true,"path":"C:\\Users\\S82483\\AppData\\Local\\Mozilla Firefox\\browser\\features\\formautofill@mozilla.org.xpi","skinnable":false,"size":465058,"sourceURI":null,"releaseNotesURI":null,"softDisabled":false,"foreignInstall":false,"strictCompatibility":false,"locales":[],"targetApplications":[{"id":"{ec8030f7-c20a-464f-9b0e-13a3a9e97384}","minVersion":"61.0.2","maxVersion":"61.*"}],"targetPlatforms":[],"seen":true,"dependencies":[],"hasEmbeddedWebExtension":false,"userPermissions":null,"icons":{},"iconURL":null,"icon64URL":null,"blocklistState":0,"blocklistURL":null,"startupData":null}
1535729667206	addons.manager	DEBUG	Registering startup change 'installed' for onboarding@mozilla.org
1535729667207	addons.xpi	DEBUG	Loading bootstrap scope from C:\Users\S82483\AppData\Local\Mozilla Firefox\browser\features\onboarding@mozilla.org.xpi
1535729667210	addons.xpi	DEBUG	Calling bootstrap method install on onboarding@mozilla.org version 1.0
1535729667210	addons.xpi-utils	DEBUG	Make addon app-system-defaults:onboarding@mozilla.org visible
1535729667210	addons.xpi	DEBUG	Updating XPIState for {"id":"onboarding@mozilla.org","syncGUID":"{068f6054-6dd6-4828-9249-1c8f69cb1144}","location":"app-system-defaults","version":"1.0","type":"extension","updateURL":null,"optionsURL":null,"optionsType":null,"aboutURL":null,"defaultLocale":{"name":"Photon onboarding","description":"Photon onboarding","creator":null,"homepageURL":null},"visible":true,"active":false,"userDisabled":false,"appDisabled":false,"installDate":1533667988151,"updateDate":1533667988151,"applyBackgroundUpdates":1,"bootstrap":true,"path":"C:\\Users\\S82483\\AppData\\Local\\Mozilla Firefox\\browser\\features\\onboarding@mozilla.org.xpi","skinnable":false,"size":564181,"sourceURI":null,"releaseNotesURI":null,"softDisabled":false,"foreignInstall":false,"strictCompatibility":false,"locales":[],"targetApplications":[{"id":"{ec8030f7-c20a-464f-9b0e-13a3a9e97384}","minVersion":"61.0.2","maxVersion":"61.*"}],"targetPlatforms":[],"seen":true,"dependencies":[],"hasEmbeddedWebExtension":false,"userPermissions":null,"icons":{},"iconURL":null,"icon64URL":null,"blocklistState":0,"blocklistURL":null,"startupData":null}
1535729667210	addons.manager	DEBUG	Registering startup change 'installed' for screenshots@mozilla.org
1535729667211	addons.xpi	DEBUG	Loading bootstrap scope from C:\Users\S82483\AppData\Local\Mozilla Firefox\browser\features\screenshots@mozilla.org.xpi
1535729667213	addons.xpi	DEBUG	Calling bootstrap method install on screenshots@mozilla.org version 32.1.0
1535729667213	addons.xpi-utils	DEBUG	Make addon app-system-defaults:screenshots@mozilla.org visible
1535729667213	addons.xpi	DEBUG	Updating XPIState for {"id":"screenshots@mozilla.org","syncGUID":"{bd14ae93-242c-4323-b92a-d2b72624465a}","location":"app-system-defaults","version":"32.1.0","type":"extension","updateURL":null,"optionsURL":null,"optionsType":null,"aboutURL":null,"defaultLocale":{"name":"Firefox Screenshots","description":null,"creator":null,"homepageURL":"https://screenshots.firefox.com/"},"visible":true,"active":false,"userDisabled":false,"appDisabled":false,"installDate":1533667988157,"updateDate":1533667988157,"applyBackgroundUpdates":1,"bootstrap":true,"path":"C:\\Users\\S82483\\AppData\\Local\\Mozilla Firefox\\browser\\features\\screenshots@mozilla.org.xpi","skinnable":false,"size":1002421,"sourceURI":null,"releaseNotesURI":null,"softDisabled":false,"foreignInstall":false,"strictCompatibility":false,"locales":[],"targetApplications":[{"id":"{ec8030f7-c20a-464f-9b0e-13a3a9e97384}","minVersion":"57.0a1","maxVersion":"*"}],"targetPlatforms":[],"seen":true,"dependencies":[],"hasEmbeddedWebExtension":false,"userPermissions":null,"icons":{},"iconURL":null,"icon64URL":null,"blocklistState":0,"blocklistURL":null,"startupData":null}
1535729667214	addons.manager	DEBUG	Registering startup change 'installed' for webcompat-reporter@mozilla.org
1535729667214	addons.xpi	DEBUG	Loading bootstrap scope from C:\Users\S82483\AppData\Local\Mozilla Firefox\browser\features\webcompat-reporter@mozilla.org.xpi
1535729667216	addons.xpi	DEBUG	Calling bootstrap method install on webcompat-reporter@mozilla.org version 1.0.0
1535729667216	addons.xpi-utils	DEBUG	Make addon app-system-defaults:webcompat-reporter@mozilla.org visible
1535729667216	addons.xpi	DEBUG	Updating XPIState for {"id":"webcompat-reporter@mozilla.org","syncGUID":"{d73090b6-bb58-4c70-a50f-5a46031268f0}","location":"app-system-defaults","version":"1.0.0","type":"extension","updateURL":null,"optionsURL":null,"optionsType":null,"aboutURL":null,"defaultLocale":{"name":"WebCompat Reporter","description":"Report site compatibility issues on webcompat.com.","creator":null,"homepageURL":null},"visible":true,"active":false,"userDisabled":false,"appDisabled":false,"installDate":1533667988157,"updateDate":1533667988157,"applyBackgroundUpdates":1,"bootstrap":true,"path":"C:\\Users\\S82483\\AppData\\Local\\Mozilla Firefox\\browser\\features\\webcompat-reporter@mozilla.org.xpi","skinnable":false,"size":12711,"sourceURI":null,"releaseNotesURI":null,"softDisabled":false,"foreignInstall":false,"strictCompatibility":false,"locales":[],"targetApplications":[{"id":"{ec8030f7-c20a-464f-9b0e-13a3a9e97384}","minVersion":"61.0.2","maxVersion":"61.*"}],"targetPlatforms":[],"seen":true,"dependencies":[],"hasEmbeddedWebExtension":false,"userPermissions":null,"icons":{},"iconURL":null,"icon64URL":null,"blocklistState":0,"blocklistURL":null,"startupData":null}
1535729667216	addons.manager	DEBUG	Registering startup change 'installed' for webcompat@mozilla.org
1535729667217	addons.xpi	DEBUG	Loading bootstrap scope from C:\Users\S82483\AppData\Local\Mozilla Firefox\browser\features\webcompat@mozilla.org.xpi
1535729667219	addons.xpi	DEBUG	Calling bootstrap method install on webcompat@mozilla.org version 2.0
1535729667219	addons.xpi-utils	DEBUG	Make addon app-system-defaults:webcompat@mozilla.org visible
1535729667219	addons.xpi	DEBUG	Updating XPIState for {"id":"webcompat@mozilla.org","syncGUID":"{d6877da3-da3a-4b68-9345-00de3a3eea90}","location":"app-system-defaults","version":"2.0","type":"extension","updateURL":null,"optionsURL":null,"optionsType":null,"aboutURL":null,"defaultLocale":{"name":"Web Compat","description":"Urgent post-release fixes for web compatibility.","creator":null,"homepageURL":null},"visible":true,"active":false,"userDisabled":false,"appDisabled":false,"installDate":1533667988158,"updateDate":1533667988158,"applyBackgroundUpdates":1,"bootstrap":true,"path":"C:\\Users\\S82483\\AppData\\Local\\Mozilla Firefox\\browser\\features\\webcompat@mozilla.org.xpi","skinnable":false,"size":13138,"sourceURI":null,"releaseNotesURI":null,"softDisabled":false,"foreignInstall":false,"strictCompatibility":false,"locales":[],"targetApplications":[{"id":"{ec8030f7-c20a-464f-9b0e-13a3a9e97384}","minVersion":"61.0.2","maxVersion":"61.*"},{"id":"{aa3c5121-dab2-40e2-81ca-7ea25febc110}","minVersion":"61.0.2","maxVersion":"61.*"}],"targetPlatforms":[],"seen":true,"dependencies":[],"hasEmbeddedWebExtension":true,"userPermissions":null,"icons":{},"iconURL":null,"icon64URL":null,"blocklistState":0,"blocklistURL":null,"startupData":null}
1535729667220	addons.xpi	DEBUG	Updating XPIState for {"id":"activity-stream@mozilla.org","syncGUID":"{c24e7dda-3c6f-46ae-a2f0-02694c8f2b69}","location":"app-system-defaults","version":"2018.06.29.1026-fa231556","type":"extension","updateURL":null,"optionsURL":null,"optionsType":null,"aboutURL":null,"defaultLocale":{"name":"Activity Stream","description":"A rich visual history feed and a reimagined home page make it easier than ever to find exactly what you're looking for in Firefox.","creator":null,"homepageURL":null},"visible":true,"active":true,"userDisabled":false,"appDisabled":false,"installDate":1533667988138,"updateDate":1533667988138,"applyBackgroundUpdates":1,"bootstrap":true,"path":"C:\\Users\\S82483\\AppData\\Local\\Mozilla Firefox\\browser\\features\\activity-stream@mozilla.org.xpi","skinnable":false,"size":2732420,"sourceURI":null,"releaseNotesURI":null,"softDisabled":false,"foreignInstall":false,"strictCompatibility":false,"locales":[],"targetApplications":[{"id":"{ec8030f7-c20a-464f-9b0e-13a3a9e97384}","minVersion":"61.0.2","maxVersion":"61.*"}],"targetPlatforms":[],"seen":true,"dependencies":[],"hasEmbeddedWebExtension":false,"userPermissions":null,"icons":{},"iconURL":null,"icon64URL":null,"blocklistState":0,"blocklistURL":null,"startupData":null}
1535729667220	addons.xpi	DEBUG	Updating XPIState for {"id":"aushelper@mozilla.org","syncGUID":"{c88ab438-b286-4edc-b39f-215479de03f5}","location":"app-system-defaults","version":"2.0","type":"extension","updateURL":null,"optionsURL":null,"optionsType":null,"aboutURL":null,"defaultLocale":{"name":"Application Update Service Helper","description":"Sets value(s) in the update url based on custom checks.","creator":null,"homepageURL":null},"visible":true,"active":true,"userDisabled":false,"appDisabled":false,"installDate":1533667988138,"updateDate":1533667988138,"applyBackgroundUpdates":1,"bootstrap":true,"path":"C:\\Users\\S82483\\AppData\\Local\\Mozilla Firefox\\browser\\features\\aushelper@mozilla.org.xpi","skinnable":false,"size":8425,"sourceURI":null,"releaseNotesURI":null,"softDisabled":false,"foreignInstall":false,"strictCompatibility":false,"locales":[],"targetApplications":[{"id":"{ec8030f7-c20a-464f-9b0e-13a3a9e97384}","minVersion":"61.0.2","maxVersion":"61.*"}],"targetPlatforms":[],"seen":true,"dependencies":[],"hasEmbeddedWebExtension":false,"userPermissions":null,"icons":{},"iconURL":null,"icon64URL":null,"blocklistState":0,"blocklistURL":null,"startupData":null}
1535729667220	addons.xpi	DEBUG	Updating XPIState for {"id":"firefox@getpocket.com","syncGUID":"{e7455e4e-2b2f-46af-99e6-5dd4915b334d}","location":"app-system-defaults","version":"1.0.5","type":"extension","updateURL":null,"optionsURL":null,"optionsType":null,"aboutURL":null,"defaultLocale":{"name":"Pocket","description":"When you find something you want to view later, put it in Pocket.","creator":null,"homepageURL":null},"visible":true,"active":true,"userDisabled":false,"appDisabled":false,"installDate":1533667988143,"updateDate":1533667988143,"applyBackgroundUpdates":1,"bootstrap":true,"path":"C:\\Users\\S82483\\AppData\\Local\\Mozilla Firefox\\browser\\features\\firefox@getpocket.com.xpi","skinnable":false,"size":855820,"sourceURI":null,"releaseNotesURI":null,"softDisabled":false,"foreignInstall":false,"strictCompatibility":false,"locales":[],"targetApplications":[{"id":"{ec8030f7-c20a-464f-9b0e-13a3a9e97384}","minVersion":"61.0.2","maxVersion":"61.*"}],"targetPlatforms":[],"seen":true,"dependencies":[],"hasEmbeddedWebExtension":false,"userPermissions":null,"icons":{},"iconURL":null,"icon64URL":null,"blocklistState":0,"blocklistURL":null,"startupData":null}
1535729667220	addons.xpi	DEBUG	Updating XPIState for {"id":"formautofill@mozilla.org","syncGUID":"{a35cc505-b459-4f7d-b10e-ba4219c16c1e}","location":"app-system-defaults","version":"1.0","type":"extension","updateURL":null,"optionsURL":null,"optionsType":null,"aboutURL":null,"defaultLocale":{"name":"Form Autofill","description":"Autofill forms with saved profiles","creator":null,"homepageURL":null},"visible":true,"active":true,"userDisabled":false,"appDisabled":false,"installDate":1533667988146,"updateDate":1533667988146,"applyBackgroundUpdates":1,"bootstrap":true,"path":"C:\\Users\\S82483\\AppData\\Local\\Mozilla Firefox\\browser\\features\\formautofill@mozilla.org.xpi","skinnable":false,"size":465058,"sourceURI":null,"releaseNotesURI":null,"softDisabled":false,"foreignInstall":false,"strictCompatibility":false,"locales":[],"targetApplications":[{"id":"{ec8030f7-c20a-464f-9b0e-13a3a9e97384}","minVersion":"61.0.2","maxVersion":"61.*"}],"targetPlatforms":[],"seen":true,"dependencies":[],"hasEmbeddedWebExtension":false,"userPermissions":null,"icons":{},"iconURL":null,"icon64URL":null,"blocklistState":0,"blocklistURL":null,"startupData":null}
1535729667220	addons.xpi	DEBUG	Updating XPIState for {"id":"onboarding@mozilla.org","syncGUID":"{068f6054-6dd6-4828-9249-1c8f69cb1144}","location":"app-system-defaults","version":"1.0","type":"extension","updateURL":null,"optionsURL":null,"optionsType":null,"aboutURL":null,"defaultLocale":{"name":"Photon onboarding","description":"Photon onboarding","creator":null,"homepageURL":null},"visible":true,"active":true,"userDisabled":false,"appDisabled":false,"installDate":1533667988151,"updateDate":1533667988151,"applyBackgroundUpdates":1,"bootstrap":true,"path":"C:\\Users\\S82483\\AppData\\Local\\Mozilla Firefox\\browser\\features\\onboarding@mozilla.org.xpi","skinnable":false,"size":564181,"sourceURI":null,"releaseNotesURI":null,"softDisabled":false,"foreignInstall":false,"strictCompatibility":false,"locales":[],"targetApplications":[{"id":"{ec8030f7-c20a-464f-9b0e-13a3a9e97384}","minVersion":"61.0.2","maxVersion":"61.*"}],"targetPlatforms":[],"seen":true,"dependencies":[],"hasEmbeddedWebExtension":false,"userPermissions":null,"icons":{},"iconURL":null,"icon64URL":null,"blocklistState":0,"blocklistURL":null,"startupData":null}
1535729667221	addons.xpi	DEBUG	Updating XPIState for {"id":"screenshots@mozilla.org","syncGUID":"{bd14ae93-242c-4323-b92a-d2b72624465a}","location":"app-system-defaults","version":"32.1.0","type":"extension","updateURL":null,"optionsURL":null,"optionsType":null,"aboutURL":null,"defaultLocale":{"name":"Firefox Screenshots","description":null,"creator":null,"homepageURL":"https://screenshots.firefox.com/"},"visible":true,"active":true,"userDisabled":false,"appDisabled":false,"installDate":1533667988157,"updateDate":1533667988157,"applyBackgroundUpdates":1,"bootstrap":true,"path":"C:\\Users\\S82483\\AppData\\Local\\Mozilla Firefox\\browser\\features\\screenshots@mozilla.org.xpi","skinnable":false,"size":1002421,"sourceURI":null,"releaseNotesURI":null,"softDisabled":false,"foreignInstall":false,"strictCompatibility":false,"locales":[],"targetApplications":[{"id":"{ec8030f7-c20a-464f-9b0e-13a3a9e97384}","minVersion":"57.0a1","maxVersion":"*"}],"targetPlatforms":[],"seen":true,"dependencies":[],"hasEmbeddedWebExtension":false,"userPermissions":null,"icons":{},"iconURL":null,"icon64URL":null,"blocklistState":0,"blocklistURL":null,"startupData":null}
1535729667221	addons.xpi	DEBUG	Updating XPIState for {"id":"webcompat-reporter@mozilla.org","syncGUID":"{d73090b6-bb58-4c70-a50f-5a46031268f0}","location":"app-system-defaults","version":"1.0.0","type":"extension","updateURL":null,"optionsURL":null,"optionsType":null,"aboutURL":null,"defaultLocale":{"name":"WebCompat Reporter","description":"Report site compatibility issues on webcompat.com.","creator":null,"homepageURL":null},"visible":true,"active":true,"userDisabled":false,"appDisabled":false,"installDate":1533667988157,"updateDate":1533667988157,"applyBackgroundUpdates":1,"bootstrap":true,"path":"C:\\Users\\S82483\\AppData\\Local\\Mozilla Firefox\\browser\\features\\webcompat-reporter@mozilla.org.xpi","skinnable":false,"size":12711,"sourceURI":null,"releaseNotesURI":null,"softDisabled":false,"foreignInstall":false,"strictCompatibility":false,"locales":[],"targetApplications":[{"id":"{ec8030f7-c20a-464f-9b0e-13a3a9e97384}","minVersion":"61.0.2","maxVersion":"61.*"}],"targetPlatforms":[],"seen":true,"dependencies":[],"hasEmbeddedWebExtension":false,"userPermissions":null,"icons":{},"iconURL":null,"icon64URL":null,"blocklistState":0,"blocklistURL":null,"startupData":null}
1535729667221	addons.xpi	DEBUG	Updating XPIState for {"id":"webcompat@mozilla.org","syncGUID":"{d6877da3-da3a-4b68-9345-00de3a3eea90}","location":"app-system-defaults","version":"2.0","type":"extension","updateURL":null,"optionsURL":null,"optionsType":null,"aboutURL":null,"defaultLocale":{"name":"Web Compat","description":"Urgent post-release fixes for web compatibility.","creator":null,"homepageURL":null},"visible":true,"active":true,"userDisabled":false,"appDisabled":false,"installDate":1533667988158,"updateDate":1533667988158,"applyBackgroundUpdates":1,"bootstrap":true,"path":"C:\\Users\\S82483\\AppData\\Local\\Mozilla Firefox\\browser\\features\\webcompat@mozilla.org.xpi","skinnable":false,"size":13138,"sourceURI":null,"releaseNotesURI":null,"softDisabled":false,"foreignInstall":false,"strictCompatibility":false,"locales":[],"targetApplications":[{"id":"{ec8030f7-c20a-464f-9b0e-13a3a9e97384}","minVersion":"61.0.2","maxVersion":"61.*"},{"id":"{aa3c5121-dab2-40e2-81ca-7ea25febc110}","minVersion":"61.0.2","maxVersion":"61.*"}],"targetPlatforms":[],"seen":true,"dependencies":[],"hasEmbeddedWebExtension":true,"userPermissions":null,"icons":{},"iconURL":null,"icon64URL":null,"blocklistState":0,"blocklistURL":null,"startupData":null}
1535729667221	addons.xpi	DEBUG	Updating database with changes to installed add-ons
1535729667221	addons.xpi-utils	DEBUG	Updating add-on states
1535729667225	addons.xpi	DEBUG	Registering manifest for C:\Users\S82483\AppData\Local\Mozilla Firefox\browser\features\activity-stream@mozilla.org.xpi
1535729667226	addons.xpi	DEBUG	Calling bootstrap method startup on activity-stream@mozilla.org version 2018.06.29.1026-fa231556
1535729667227	addons.xpi	DEBUG	Registering manifest for C:\Users\S82483\AppData\Local\Mozilla Firefox\browser\features\aushelper@mozilla.org.xpi
1535729667228	addons.xpi	DEBUG	Calling bootstrap method startup on aushelper@mozilla.org version 2.0
1535729667229	addons.xpi	DEBUG	Registering manifest for C:\Users\S82483\AppData\Local\Mozilla Firefox\browser\features\firefox@getpocket.com.xpi
1535729667230	addons.xpi	DEBUG	Calling bootstrap method startup on firefox@getpocket.com version 1.0.5
1535729667241	addons.xpi	DEBUG	Registering manifest for C:\Users\S82483\AppData\Local\Mozilla Firefox\browser\features\formautofill@mozilla.org.xpi
1535729667242	addons.xpi	DEBUG	Calling bootstrap method startup on formautofill@mozilla.org version 1.0
1535729667243	addons.xpi	DEBUG	Registering manifest for C:\Users\S82483\AppData\Local\Mozilla Firefox\browser\features\onboarding@mozilla.org.xpi
1535729667244	addons.xpi	DEBUG	Calling bootstrap method startup on onboarding@mozilla.org version 1.0
1535729667244	addons.xpi	DEBUG	Registering manifest for C:\Users\S82483\AppData\Local\Mozilla Firefox\browser\features\screenshots@mozilla.org.xpi
1535729667245	addons.xpi	DEBUG	Calling bootstrap method startup on screenshots@mozilla.org version 32.1.0
1535729667245	addons.xpi	DEBUG	Registering manifest for C:\Users\S82483\AppData\Local\Mozilla Firefox\browser\features\webcompat-reporter@mozilla.org.xpi
1535729667246	addons.xpi	DEBUG	Calling bootstrap method startup on webcompat-reporter@mozilla.org version 1.0.0
1535729667246	addons.xpi	DEBUG	Registering manifest for C:\Users\S82483\AppData\Local\Mozilla Firefox\browser\features\webcompat@mozilla.org.xpi
1535729667248	addons.xpi	DEBUG	Calling bootstrap method startup on webcompat@mozilla.org version 2.0
1535729667250	addons.manager	DEBUG	Registering shutdown blocker for XPIProvider
1535729667250	addons.manager	DEBUG	Provider finished startup: XPIProvider
1535729667250	addons.manager	DEBUG	Starting provider: LightweightThemeManager
1535729667250	addons.manager	DEBUG	Registering shutdown blocker for LightweightThemeManager
1535729667250	addons.manager	DEBUG	Provider finished startup: LightweightThemeManager
1535729667250	addons.manager	DEBUG	Starting provider: GMPProvider
1535729667254	addons.manager	DEBUG	Registering shutdown blocker for GMPProvider
1535729667255	addons.manager	DEBUG	Provider finished startup: GMPProvider
1535729667255	addons.manager	DEBUG	Starting provider: PluginProvider
1535729667255	addons.manager	DEBUG	Registering shutdown blocker for PluginProvider
1535729667255	addons.manager	DEBUG	Provider finished startup: PluginProvider
1535729667257	addons.manager	DEBUG	Completed startup sequence
1535729668710	addons.repository	DEBUG	No addons.json found.
1535729669536	addons.xpi	DEBUG	Existing add-on activity-stream@mozilla.org in app-system-defaults
1535729669536	addons.xpi	DEBUG	Existing add-on aushelper@mozilla.org in app-system-defaults
1535729669536	addons.xpi	DEBUG	Existing add-on firefox@getpocket.com in app-system-defaults
1535729669537	addons.xpi	DEBUG	Existing add-on formautofill@mozilla.org in app-system-defaults
1535729669537	addons.xpi	DEBUG	Existing add-on onboarding@mozilla.org in app-system-defaults
1535729669537	addons.xpi	DEBUG	Existing add-on screenshots@mozilla.org in app-system-defaults
1535729669537	addons.xpi	DEBUG	Existing add-on webcompat-reporter@mozilla.org in app-system-defaults
1535729669538	addons.xpi	DEBUG	Existing add-on webcompat@mozilla.org in app-system-defaults
1535729669538	addons.xpi	DEBUG	getInstallState changed: false, state: {}
1535729669627	Marionette	INFO	Listening on port 65209
1535729669828	Marionette	WARN	TLS certificate errors will be ignored for this session
1535729719462	addons.productaddons	INFO	sending request to: https://aus5.mozilla.org/update/3/GMP/61.0.2/20180807170231/WINNT_x86_64-msvc-x64/en-US/release/Windows_NT%206.1.1.0.7601%20(x64)/default/default/update.xml
1535729720331	addons.productaddons	INFO	Completed downloading document
1535729720331	addons.productaddons	ERROR	Request failed certificate checks: [Exception... "Certificate checks failed. See previous errors for details."  nsresult: "0x80070057 (NS_ERROR_ILLEGAL_VALUE)"  location: "JS frame :: resource://gre/modules/CertUtils.jsm :: validateCert :: line 109"  data: no]
1535729720332	addons.productaddons	INFO	fetching config from: chrome://global/content/gmp-sources/openh264.json
1535729720332	addons.productaddons	INFO	fetching config from: chrome://global/content/gmp-sources/widevinecdm.json
1535729720333	addons.productaddons	INFO	found plugin: gmp-gmpopenh264
1535729720333	addons.productaddons	INFO	found plugin: gmp-widevinecdm
1535729720485	addons.productaddons	INFO	downloadXHR File download. status=200
1535729720494	addons.productaddons	INFO	Downloaded file will be saved to C:\Users\S82483\AppData\Local\Temp\tmpaddon-30a4ba
1535729721724	addons.productaddons	INFO	downloadXHR File download. status=200
1535729721728	addons.productaddons	INFO	Downloaded file will be saved to C:\Users\S82483\AppData\Local\Temp\tmpaddon-8802e6
1535730057647	addons.manager	DEBUG	Background update check beginning
1535730057647	addons.manager	DEBUG	Background update check complete
console.error: "Could not write session state file " (new Error("", "(unknown module)")) ""
